2015-12-13 14:53:46,792 INFO org.apache.hadoop.hdfs.server.namenode.NameNode: STARTUP_MSG: 
/************************************************************
STARTUP_MSG: Starting NameNode
STARTUP_MSG:   host = fb16285d8175/172.17.0.45
STARTUP_MSG:   args = []
STARTUP_MSG:   version = 2.7.1
STARTUP_MSG:   classpath = /usr/local/hadoop/etc/hadoop/:/usr/local/hadoop/share/hadoop/common/lib/mockito-all-1.8.5.jar:/usr/local/hadoop/share/hadoop/common/lib/commons-compress-1.4.1.jar:/usr/local/hadoop/share/hadoop/common/lib/commons-beanutils-core-1.8.0.jar:/usr/local/hadoop/share/hadoop/common/lib/commons-httpclient-3.1.jar:/usr/local/hadoop/share/hadoop/common/lib/jersey-server-1.9.jar:/usr/local/hadoop/share/hadoop/common/lib/commons-io-2.4.jar:/usr/local/hadoop/share/hadoop/common/lib/protobuf-java-2.5.0.jar:/usr/local/hadoop/share/hadoop/common/lib/xz-1.0.jar:/usr/local/hadoop/share/hadoop/common/lib/commons-logging-1.1.3.jar:/usr/local/hadoop/share/hadoop/common/lib/log4j-1.2.17.jar:/usr/local/hadoop/share/hadoop/common/lib/jsr305-3.0.0.jar:/usr/local/hadoop/share/hadoop/common/lib/jsp-api-2.1.jar:/usr/local/hadoop/share/hadoop/common/lib/snappy-java-1.0.4.1.jar:/usr/local/hadoop/share/hadoop/common/lib/slf4j-api-1.7.10.jar:/usr/local/hadoop/share/hadoop/common/lib/htrace-core-3.1.0-incubating.jar:/usr/local/hadoop/share/hadoop/common/lib/curator-recipes-2.7.1.jar:/usr/local/hadoop/share/hadoop/common/lib/jaxb-api-2.2.2.jar:/usr/local/hadoop/share/hadoop/common/lib/activation-1.1.jar:/usr/local/hadoop/share/hadoop/common/lib/paranamer-2.3.jar:/usr/local/hadoop/share/hadoop/common/lib/jetty-6.1.26.jar:/usr/local/hadoop/share/hadoop/common/lib/commons-lang-2.6.jar:/usr/local/hadoop/share/hadoop/common/lib/commons-collections-3.2.1.jar:/usr/local/hadoop/share/hadoop/common/lib/hadoop-auth-2.7.1.jar:/usr/local/hadoop/share/hadoop/common/lib/jackson-core-asl-1.9.13.jar:/usr/local/hadoop/share/hadoop/common/lib/commons-digester-1.8.jar:/usr/local/hadoop/share/hadoop/common/lib/java-xmlbuilder-0.4.jar:/usr/local/hadoop/share/hadoop/common/lib/api-asn1-api-1.0.0-M20.jar:/usr/local/hadoop/share/hadoop/common/lib/commons-codec-1.4.jar:/usr/local/hadoop/share/hadoop/common/lib/commons-beanutils-1.7.0.jar:/usr/local/hadoop/share/hadoop/common/lib/jetty-util-6.1.26.jar:/usr/local/hadoop/share/hadoop/common/lib/xmlenc-0.52.jar:/usr/local/hadoop/share/hadoop/common/lib/jettison-1.1.jar:/usr/local/hadoop/share/hadoop/common/lib/commons-net-3.1.jar:/usr/local/hadoop/share/hadoop/common/lib/stax-api-1.0-2.jar:/usr/local/hadoop/share/hadoop/common/lib/commons-cli-1.2.jar:/usr/local/hadoop/share/hadoop/common/lib/guava-11.0.2.jar:/usr/local/hadoop/share/hadoop/common/lib/avro-1.7.4.jar:/usr/local/hadoop/share/hadoop/common/lib/api-util-1.0.0-M20.jar:/usr/local/hadoop/share/hadoop/common/lib/netty-3.6.2.Final.jar:/usr/local/hadoop/share/hadoop/common/lib/apacheds-i18n-2.0.0-M15.jar:/usr/local/hadoop/share/hadoop/common/lib/servlet-api-2.5.jar:/usr/local/hadoop/share/hadoop/common/lib/zookeeper-3.4.6.jar:/usr/local/hadoop/share/hadoop/common/lib/slf4j-log4j12-1.7.10.jar:/usr/local/hadoop/share/hadoop/common/lib/curator-client-2.7.1.jar:/usr/local/hadoop/share/hadoop/common/lib/commons-configuration-1.6.jar:/usr/local/hadoop/share/hadoop/common/lib/jackson-jaxrs-1.9.13.jar:/usr/local/hadoop/share/hadoop/common/lib/hadoop-annotations-2.7.1.jar:/usr/local/hadoop/share/hadoop/common/lib/httpclient-4.2.5.jar:/usr/local/hadoop/share/hadoop/common/lib/junit-4.11.jar:/usr/local/hadoop/share/hadoop/common/lib/jaxb-impl-2.2.3-1.jar:/usr/local/hadoop/share/hadoop/common/lib/jackson-xc-1.9.13.jar:/usr/local/hadoop/share/hadoop/common/lib/jackson-mapper-asl-1.9.13.jar:/usr/local/hadoop/share/hadoop/common/lib/jets3t-0.9.0.jar:/usr/local/hadoop/share/hadoop/common/lib/asm-3.2.jar:/usr/local/hadoop/share/hadoop/common/lib/jersey-json-1.9.jar:/usr/local/hadoop/share/hadoop/common/lib/jersey-core-1.9.jar:/usr/local/hadoop/share/hadoop/common/lib/jsch-0.1.42.jar:/usr/local/hadoop/share/hadoop/common/lib/curator-framework-2.7.1.jar:/usr/local/hadoop/share/hadoop/common/lib/httpcore-4.2.5.jar:/usr/local/hadoop/share/hadoop/common/lib/commons-math3-3.1.1.jar:/usr/local/hadoop/share/hadoop/common/lib/apacheds-kerberos-codec-2.0.0-M15.jar:/usr/local/hadoop/share/hadoop/common/lib/gson-2.2.4.jar:/usr/local/hadoop/share/hadoop/common/lib/hamcrest-core-1.3.jar:/usr/local/hadoop/share/hadoop/common/hadoop-common-2.7.1.jar:/usr/local/hadoop/share/hadoop/common/hadoop-nfs-2.7.1.jar:/usr/local/hadoop/share/hadoop/common/hadoop-common-2.7.1-tests.jar:/usr/local/hadoop/share/hadoop/hdfs:/usr/local/hadoop/share/hadoop/hdfs/lib/leveldbjni-all-1.8.jar:/usr/local/hadoop/share/hadoop/hdfs/lib/xml-apis-1.3.04.jar:/usr/local/hadoop/share/hadoop/hdfs/lib/xercesImpl-2.9.1.jar:/usr/local/hadoop/share/hadoop/hdfs/lib/jersey-server-1.9.jar:/usr/local/hadoop/share/hadoop/hdfs/lib/commons-io-2.4.jar:/usr/local/hadoop/share/hadoop/hdfs/lib/protobuf-java-2.5.0.jar:/usr/local/hadoop/share/hadoop/hdfs/lib/commons-logging-1.1.3.jar:/usr/local/hadoop/share/hadoop/hdfs/lib/log4j-1.2.17.jar:/usr/local/hadoop/share/hadoop/hdfs/lib/jsr305-3.0.0.jar:/usr/local/hadoop/share/hadoop/hdfs/lib/htrace-core-3.1.0-incubating.jar:/usr/local/hadoop/share/hadoop/hdfs/lib/jetty-6.1.26.jar:/usr/local/hadoop/share/hadoop/hdfs/lib/commons-lang-2.6.jar:/usr/local/hadoop/share/hadoop/hdfs/lib/jackson-core-asl-1.9.13.jar:/usr/local/hadoop/share/hadoop/hdfs/lib/commons-daemon-1.0.13.jar:/usr/local/hadoop/share/hadoop/hdfs/lib/commons-codec-1.4.jar:/usr/local/hadoop/share/hadoop/hdfs/lib/jetty-util-6.1.26.jar:/usr/local/hadoop/share/hadoop/hdfs/lib/xmlenc-0.52.jar:/usr/local/hadoop/share/hadoop/hdfs/lib/commons-cli-1.2.jar:/usr/local/hadoop/share/hadoop/hdfs/lib/guava-11.0.2.jar:/usr/local/hadoop/share/hadoop/hdfs/lib/netty-3.6.2.Final.jar:/usr/local/hadoop/share/hadoop/hdfs/lib/servlet-api-2.5.jar:/usr/local/hadoop/share/hadoop/hdfs/lib/netty-all-4.0.23.Final.jar:/usr/local/hadoop/share/hadoop/hdfs/lib/jackson-mapper-asl-1.9.13.jar:/usr/local/hadoop/share/hadoop/hdfs/lib/asm-3.2.jar:/usr/local/hadoop/share/hadoop/hdfs/lib/jersey-core-1.9.jar:/usr/local/hadoop/share/hadoop/hdfs/hadoop-hdfs-2.7.1-tests.jar:/usr/local/hadoop/share/hadoop/hdfs/hadoop-hdfs-nfs-2.7.1.jar:/usr/local/hadoop/share/hadoop/hdfs/hadoop-hdfs-2.7.1.jar:/usr/local/hadoop/share/hadoop/yarn/lib/leveldbjni-all-1.8.jar:/usr/local/hadoop/share/hadoop/yarn/lib/commons-compress-1.4.1.jar:/usr/local/hadoop/share/hadoop/yarn/lib/aopalliance-1.0.jar:/usr/local/hadoop/share/hadoop/yarn/lib/jersey-server-1.9.jar:/usr/local/hadoop/share/hadoop/yarn/lib/commons-io-2.4.jar:/usr/local/hadoop/share/hadoop/yarn/lib/protobuf-java-2.5.0.jar:/usr/local/hadoop/share/hadoop/yarn/lib/xz-1.0.jar:/usr/local/hadoop/share/hadoop/yarn/lib/commons-logging-1.1.3.jar:/usr/local/hadoop/share/hadoop/yarn/lib/log4j-1.2.17.jar:/usr/local/hadoop/share/hadoop/yarn/lib/jsr305-3.0.0.jar:/usr/local/hadoop/share/hadoop/yarn/lib/jaxb-api-2.2.2.jar:/usr/local/hadoop/share/hadoop/yarn/lib/activation-1.1.jar:/usr/local/hadoop/share/hadoop/yarn/lib/jetty-6.1.26.jar:/usr/local/hadoop/share/hadoop/yarn/lib/commons-lang-2.6.jar:/usr/local/hadoop/share/hadoop/yarn/lib/commons-collections-3.2.1.jar:/usr/local/hadoop/share/hadoop/yarn/lib/jackson-core-asl-1.9.13.jar:/usr/local/hadoop/share/hadoop/yarn/lib/jersey-client-1.9.jar:/usr/local/hadoop/share/hadoop/yarn/lib/commons-codec-1.4.jar:/usr/local/hadoop/share/hadoop/yarn/lib/zookeeper-3.4.6-tests.jar:/usr/local/hadoop/share/hadoop/yarn/lib/jetty-util-6.1.26.jar:/usr/local/hadoop/share/hadoop/yarn/lib/javax.inject-1.jar:/usr/local/hadoop/share/hadoop/yarn/lib/jettison-1.1.jar:/usr/local/hadoop/share/hadoop/yarn/lib/stax-api-1.0-2.jar:/usr/local/hadoop/share/hadoop/yarn/lib/commons-cli-1.2.jar:/usr/local/hadoop/share/hadoop/yarn/lib/guice-3.0.jar:/usr/local/hadoop/share/hadoop/yarn/lib/guava-11.0.2.jar:/usr/local/hadoop/share/hadoop/yarn/lib/netty-3.6.2.Final.jar:/usr/local/hadoop/share/hadoop/yarn/lib/servlet-api-2.5.jar:/usr/local/hadoop/share/hadoop/yarn/lib/zookeeper-3.4.6.jar:/usr/local/hadoop/share/hadoop/yarn/lib/jackson-jaxrs-1.9.13.jar:/usr/local/hadoop/share/hadoop/yarn/lib/jaxb-impl-2.2.3-1.jar:/usr/local/hadoop/share/hadoop/yarn/lib/jersey-guice-1.9.jar:/usr/local/hadoop/share/hadoop/yarn/lib/guice-servlet-3.0.jar:/usr/local/hadoop/share/hadoop/yarn/lib/jackson-xc-1.9.13.jar:/usr/local/hadoop/share/hadoop/yarn/lib/jackson-mapper-asl-1.9.13.jar:/usr/local/hadoop/share/hadoop/yarn/lib/asm-3.2.jar:/usr/local/hadoop/share/hadoop/yarn/lib/jersey-json-1.9.jar:/usr/local/hadoop/share/hadoop/yarn/lib/jersey-core-1.9.jar:/usr/local/hadoop/share/hadoop/yarn/hadoop-yarn-server-common-2.7.1.jar:/usr/local/hadoop/share/hadoop/yarn/hadoop-yarn-common-2.7.1.jar:/usr/local/hadoop/share/hadoop/yarn/hadoop-yarn-server-applicationhistoryservice-2.7.1.jar:/usr/local/hadoop/share/hadoop/yarn/hadoop-yarn-applications-distributedshell-2.7.1.jar:/usr/local/hadoop/share/hadoop/yarn/hadoop-yarn-server-nodemanager-2.7.1.jar:/usr/local/hadoop/share/hadoop/yarn/hadoop-yarn-server-web-proxy-2.7.1.jar:/usr/local/hadoop/share/hadoop/yarn/hadoop-yarn-server-resourcemanager-2.7.1.jar:/usr/local/hadoop/share/hadoop/yarn/hadoop-yarn-server-tests-2.7.1.jar:/usr/local/hadoop/share/hadoop/yarn/hadoop-yarn-api-2.7.1.jar:/usr/local/hadoop/share/hadoop/yarn/hadoop-yarn-server-sharedcachemanager-2.7.1.jar:/usr/local/hadoop/share/hadoop/yarn/hadoop-yarn-registry-2.7.1.jar:/usr/local/hadoop/share/hadoop/yarn/hadoop-yarn-applications-unmanaged-am-launcher-2.7.1.jar:/usr/local/hadoop/share/hadoop/yarn/hadoop-yarn-client-2.7.1.jar:/usr/local/hadoop/share/hadoop/mapreduce/lib/leveldbjni-all-1.8.jar:/usr/local/hadoop/share/hadoop/mapreduce/lib/commons-compress-1.4.1.jar:/usr/local/hadoop/share/hadoop/mapreduce/lib/aopalliance-1.0.jar:/usr/local/hadoop/share/hadoop/mapreduce/lib/jersey-server-1.9.jar:/usr/local/hadoop/share/hadoop/mapreduce/lib/commons-io-2.4.jar:/usr/local/hadoop/share/hadoop/mapreduce/lib/protobuf-java-2.5.0.jar:/usr/local/hadoop/share/hadoop/mapreduce/lib/xz-1.0.jar:/usr/local/hadoop/share/hadoop/mapreduce/lib/log4j-1.2.17.jar:/usr/local/hadoop/share/hadoop/mapreduce/lib/snappy-java-1.0.4.1.jar:/usr/local/hadoop/share/hadoop/mapreduce/lib/paranamer-2.3.jar:/usr/local/hadoop/share/hadoop/mapreduce/lib/jackson-core-asl-1.9.13.jar:/usr/local/hadoop/share/hadoop/mapreduce/lib/javax.inject-1.jar:/usr/local/hadoop/share/hadoop/mapreduce/lib/guice-3.0.jar:/usr/local/hadoop/share/hadoop/mapreduce/lib/avro-1.7.4.jar:/usr/local/hadoop/share/hadoop/mapreduce/lib/netty-3.6.2.Final.jar:/usr/local/hadoop/share/hadoop/mapreduce/lib/hadoop-annotations-2.7.1.jar:/usr/local/hadoop/share/hadoop/mapreduce/lib/junit-4.11.jar:/usr/local/hadoop/share/hadoop/mapreduce/lib/jersey-guice-1.9.jar:/usr/local/hadoop/share/hadoop/mapreduce/lib/guice-servlet-3.0.jar:/usr/local/hadoop/share/hadoop/mapreduce/lib/jackson-mapper-asl-1.9.13.jar:/usr/local/hadoop/share/hadoop/mapreduce/lib/asm-3.2.jar:/usr/local/hadoop/share/hadoop/mapreduce/lib/jersey-core-1.9.jar:/usr/local/hadoop/share/hadoop/mapreduce/lib/hamcrest-core-1.3.jar:/usr/local/hadoop/share/hadoop/mapreduce/hadoop-mapreduce-client-shuffle-2.7.1.jar:/usr/local/hadoop/share/hadoop/mapreduce/hadoop-mapreduce-client-core-2.7.1.jar:/usr/local/hadoop/share/hadoop/mapreduce/hadoop-mapreduce-client-app-2.7.1.jar:/usr/local/hadoop/share/hadoop/mapreduce/hadoop-mapreduce-client-hs-2.7.1.jar:/usr/local/hadoop/share/hadoop/mapreduce/hadoop-mapreduce-client-common-2.7.1.jar:/usr/local/hadoop/share/hadoop/mapreduce/hadoop-mapreduce-client-jobclient-2.7.1.jar:/usr/local/hadoop/share/hadoop/mapreduce/hadoop-mapreduce-client-jobclient-2.7.1-tests.jar:/usr/local/hadoop/share/hadoop/mapreduce/hadoop-mapreduce-client-hs-plugins-2.7.1.jar:/usr/local/hadoop/share/hadoop/mapreduce/hadoop-mapreduce-examples-2.7.1.jar:/usr/local/hadoop/contrib/capacity-scheduler/*.jar:/usr/local/hadoop/contrib/capacity-scheduler/*.jar:/usr/local/hadoop/contrib/capacity-scheduler/*.jar
STARTUP_MSG:   build = https://git-wip-us.apache.org/repos/asf/hadoop.git -r 15ecc87ccf4a0228f35af08fc56de536e6ce657a; compiled by 'jenkins' on 2015-06-29T06:04Z
STARTUP_MSG:   java = 1.7.0_71
************************************************************/
2015-12-13 14:53:46,825 INFO org.apache.hadoop.hdfs.server.namenode.NameNode: registered UNIX signal handlers for [TERM, HUP, INT]
2015-12-13 14:53:46,847 INFO org.apache.hadoop.hdfs.server.namenode.NameNode: createNameNode []
2015-12-13 14:53:47,828 INFO org.apache.hadoop.metrics2.impl.MetricsConfig: loaded properties from hadoop-metrics2.properties
2015-12-13 14:53:48,046 INFO org.apache.hadoop.metrics2.impl.MetricsSystemImpl: Scheduled snapshot period at 10 second(s).
2015-12-13 14:53:48,046 INFO org.apache.hadoop.metrics2.impl.MetricsSystemImpl: NameNode metrics system started
2015-12-13 14:53:48,049 INFO org.apache.hadoop.hdfs.server.namenode.NameNode: fs.defaultFS is hdfs://localhost:9000
2015-12-13 14:53:48,053 INFO org.apache.hadoop.hdfs.server.namenode.NameNode: Clients are to use localhost:9000 to access this namenode/service.
2015-12-13 14:53:48,642 WARN org.apache.hadoop.util.NativeCodeLoader: Unable to load native-hadoop library for your platform... using builtin-java classes where applicable
2015-12-13 14:53:49,651 INFO org.apache.hadoop.hdfs.DFSUtil: Starting Web-server for hdfs at: http://0.0.0.0:50070
2015-12-13 14:53:50,026 INFO org.mortbay.log: Logging to org.slf4j.impl.Log4jLoggerAdapter(org.mortbay.log) via org.mortbay.log.Slf4jLog
2015-12-13 14:53:50,109 INFO org.apache.hadoop.security.authentication.server.AuthenticationFilter: Unable to initialize FileSignerSecretProvider, falling back to use random secrets.
2015-12-13 14:53:50,119 INFO org.apache.hadoop.http.HttpRequestLog: Http request log for http.requests.namenode is not defined
2015-12-13 14:53:50,170 INFO org.apache.hadoop.http.HttpServer2: Added global filter 'safety' (class=org.apache.hadoop.http.HttpServer2$QuotingInputFilter)
2015-12-13 14:53:50,214 INFO org.apache.hadoop.http.HttpServer2: Added filter static_user_filter (class=org.apache.hadoop.http.lib.StaticUserWebFilter$StaticUserFilter) to context hdfs
2015-12-13 14:53:50,214 INFO org.apache.hadoop.http.HttpServer2: Added filter static_user_filter (class=org.apache.hadoop.http.lib.StaticUserWebFilter$StaticUserFilter) to context logs
2015-12-13 14:53:50,214 INFO org.apache.hadoop.http.HttpServer2: Added filter static_user_filter (class=org.apache.hadoop.http.lib.StaticUserWebFilter$StaticUserFilter) to context static
2015-12-13 14:53:50,334 INFO org.apache.hadoop.http.HttpServer2: Added filter 'org.apache.hadoop.hdfs.web.AuthFilter' (class=org.apache.hadoop.hdfs.web.AuthFilter)
2015-12-13 14:53:50,376 INFO org.apache.hadoop.http.HttpServer2: addJerseyResourcePackage: packageName=org.apache.hadoop.hdfs.server.namenode.web.resources;org.apache.hadoop.hdfs.web.resources, pathSpec=/webhdfs/v1/*
2015-12-13 14:53:50,465 INFO org.apache.hadoop.http.HttpServer2: Jetty bound to port 50070
2015-12-13 14:53:50,465 INFO org.mortbay.log: jetty-6.1.26
2015-12-13 14:53:51,870 INFO org.mortbay.log: Started HttpServer2$SelectChannelConnectorWithSafeStartup@0.0.0.0:50070
2015-12-13 14:53:52,081 WARN org.apache.hadoop.hdfs.server.namenode.FSNamesystem: Only one image storage directory (dfs.namenode.name.dir) configured. Beware of data loss due to lack of redundant storage directories!
2015-12-13 14:53:52,081 WARN org.apache.hadoop.hdfs.server.namenode.FSNamesystem: Only one namespace edits storage directory (dfs.namenode.edits.dir) configured. Beware of data loss due to lack of redundant storage directories!
2015-12-13 14:53:52,295 INFO org.apache.hadoop.hdfs.server.namenode.FSNamesystem: No KeyProvider found.
2015-12-13 14:53:52,295 INFO org.apache.hadoop.hdfs.server.namenode.FSNamesystem: fsLock is fair:true
2015-12-13 14:53:52,696 INFO org.apache.hadoop.hdfs.server.blockmanagement.DatanodeManager: dfs.block.invalidate.limit=1000
2015-12-13 14:53:52,696 INFO org.apache.hadoop.hdfs.server.blockmanagement.DatanodeManager: dfs.namenode.datanode.registration.ip-hostname-check=true
2015-12-13 14:53:52,724 INFO org.apache.hadoop.hdfs.server.blockmanagement.BlockManager: dfs.namenode.startup.delay.block.deletion.sec is set to 000:00:00:00.000
2015-12-13 14:53:52,725 INFO org.apache.hadoop.hdfs.server.blockmanagement.BlockManager: The block deletion will start around 2015 Dec 13 14:53:52
2015-12-13 14:53:52,727 INFO org.apache.hadoop.util.GSet: Computing capacity for map BlocksMap
2015-12-13 14:53:52,727 INFO org.apache.hadoop.util.GSet: VM type       = 64-bit
2015-12-13 14:53:52,743 INFO org.apache.hadoop.util.GSet: 2.0% max memory 966.7 MB = 19.3 MB
2015-12-13 14:53:52,743 INFO org.apache.hadoop.util.GSet: capacity      = 2^21 = 2097152 entries
2015-12-13 14:53:52,749 INFO org.apache.hadoop.hdfs.server.blockmanagement.BlockManager: dfs.block.access.token.enable=false
2015-12-13 14:53:52,750 INFO org.apache.hadoop.hdfs.server.blockmanagement.BlockManager: defaultReplication         = 1
2015-12-13 14:53:52,750 INFO org.apache.hadoop.hdfs.server.blockmanagement.BlockManager: maxReplication             = 512
2015-12-13 14:53:52,750 INFO org.apache.hadoop.hdfs.server.blockmanagement.BlockManager: minReplication             = 1
2015-12-13 14:53:52,750 INFO org.apache.hadoop.hdfs.server.blockmanagement.BlockManager: maxReplicationStreams      = 2
2015-12-13 14:53:52,750 INFO org.apache.hadoop.hdfs.server.blockmanagement.BlockManager: shouldCheckForEnoughRacks  = false
2015-12-13 14:53:52,750 INFO org.apache.hadoop.hdfs.server.blockmanagement.BlockManager: replicationRecheckInterval = 3000
2015-12-13 14:53:52,750 INFO org.apache.hadoop.hdfs.server.blockmanagement.BlockManager: encryptDataTransfer        = false
2015-12-13 14:53:52,750 INFO org.apache.hadoop.hdfs.server.blockmanagement.BlockManager: maxNumBlocksToLog          = 1000
2015-12-13 14:53:52,771 INFO org.apache.hadoop.hdfs.server.namenode.FSNamesystem: fsOwner             = root (auth:SIMPLE)
2015-12-13 14:53:52,771 INFO org.apache.hadoop.hdfs.server.namenode.FSNamesystem: supergroup          = supergroup
2015-12-13 14:53:52,771 INFO org.apache.hadoop.hdfs.server.namenode.FSNamesystem: isPermissionEnabled = true
2015-12-13 14:53:52,771 INFO org.apache.hadoop.hdfs.server.namenode.FSNamesystem: HA Enabled: false
2015-12-13 14:53:52,783 INFO org.apache.hadoop.hdfs.server.namenode.FSNamesystem: Append Enabled: true
2015-12-13 14:53:53,931 INFO org.apache.hadoop.util.GSet: Computing capacity for map INodeMap
2015-12-13 14:53:53,931 INFO org.apache.hadoop.util.GSet: VM type       = 64-bit
2015-12-13 14:53:53,932 INFO org.apache.hadoop.util.GSet: 1.0% max memory 966.7 MB = 9.7 MB
2015-12-13 14:53:53,932 INFO org.apache.hadoop.util.GSet: capacity      = 2^20 = 1048576 entries
2015-12-13 14:53:53,932 INFO org.apache.hadoop.hdfs.server.namenode.FSDirectory: ACLs enabled? false
2015-12-13 14:53:53,932 INFO org.apache.hadoop.hdfs.server.namenode.FSDirectory: XAttrs enabled? true
2015-12-13 14:53:53,933 INFO org.apache.hadoop.hdfs.server.namenode.FSDirectory: Maximum size of an xattr: 16384
2015-12-13 14:53:53,933 INFO org.apache.hadoop.hdfs.server.namenode.NameNode: Caching file names occuring more than 10 times
2015-12-13 14:53:53,964 INFO org.apache.hadoop.util.GSet: Computing capacity for map cachedBlocks
2015-12-13 14:53:53,964 INFO org.apache.hadoop.util.GSet: VM type       = 64-bit
2015-12-13 14:53:53,964 INFO org.apache.hadoop.util.GSet: 0.25% max memory 966.7 MB = 2.4 MB
2015-12-13 14:53:53,964 INFO org.apache.hadoop.util.GSet: capacity      = 2^18 = 262144 entries
2015-12-13 14:53:53,966 INFO org.apache.hadoop.hdfs.server.namenode.FSNamesystem: dfs.namenode.safemode.threshold-pct = 0.9990000128746033
2015-12-13 14:53:53,966 INFO org.apache.hadoop.hdfs.server.namenode.FSNamesystem: dfs.namenode.safemode.min.datanodes = 0
2015-12-13 14:53:53,966 INFO org.apache.hadoop.hdfs.server.namenode.FSNamesystem: dfs.namenode.safemode.extension     = 30000
2015-12-13 14:53:53,969 INFO org.apache.hadoop.hdfs.server.namenode.top.metrics.TopMetrics: NNTop conf: dfs.namenode.top.window.num.buckets = 10
2015-12-13 14:53:53,977 INFO org.apache.hadoop.hdfs.server.namenode.top.metrics.TopMetrics: NNTop conf: dfs.namenode.top.num.users = 10
2015-12-13 14:53:53,977 INFO org.apache.hadoop.hdfs.server.namenode.top.metrics.TopMetrics: NNTop conf: dfs.namenode.top.windows.minutes = 1,5,25
2015-12-13 14:53:53,978 INFO org.apache.hadoop.hdfs.server.namenode.FSNamesystem: Retry cache on namenode is enabled
2015-12-13 14:53:53,978 INFO org.apache.hadoop.hdfs.server.namenode.FSNamesystem: Retry cache will use 0.03 of total heap and retry cache entry expiry time is 600000 millis
2015-12-13 14:53:53,984 INFO org.apache.hadoop.util.GSet: Computing capacity for map NameNodeRetryCache
2015-12-13 14:53:53,984 INFO org.apache.hadoop.util.GSet: VM type       = 64-bit
2015-12-13 14:53:53,985 INFO org.apache.hadoop.util.GSet: 0.029999999329447746% max memory 966.7 MB = 297.0 KB
2015-12-13 14:53:53,985 INFO org.apache.hadoop.util.GSet: capacity      = 2^15 = 32768 entries
2015-12-13 14:53:54,080 INFO org.apache.hadoop.hdfs.server.common.Storage: Lock on /tmp/hadoop-root/dfs/name/in_use.lock acquired by nodename 124@fb16285d8175
2015-12-13 14:53:55,061 INFO org.apache.hadoop.hdfs.server.namenode.FileJournalManager: Recovering unfinalized segments in /tmp/hadoop-root/dfs/name/current
2015-12-13 14:53:55,062 INFO org.apache.hadoop.hdfs.server.namenode.FSImage: No edit log streams selected.
2015-12-13 14:53:55,858 INFO org.apache.hadoop.hdfs.server.namenode.FSImageFormatPBINode: Loading 1 INodes.
2015-12-13 14:53:56,225 INFO org.apache.hadoop.hdfs.server.namenode.FSImageFormatProtobuf: Loaded FSImage in 0 seconds.
2015-12-13 14:53:56,228 INFO org.apache.hadoop.hdfs.server.namenode.FSImage: Loaded image for txid 0 from /tmp/hadoop-root/dfs/name/current/fsimage_0000000000000000000
2015-12-13 14:53:56,331 INFO org.apache.hadoop.hdfs.server.namenode.FSNamesystem: Need to save fs image? false (staleImage=false, haEnabled=false, isRollingUpgrade=false)
2015-12-13 14:53:56,352 INFO org.apache.hadoop.hdfs.server.namenode.FSEditLog: Starting log segment at 1
2015-12-13 14:53:57,686 INFO org.apache.hadoop.hdfs.server.namenode.NameCache: initialized with 0 entries 0 lookups
2015-12-13 14:53:57,686 INFO org.apache.hadoop.hdfs.server.namenode.FSNamesystem: Finished loading FSImage in 3659 msecs
2015-12-13 14:53:59,836 INFO org.apache.hadoop.hdfs.server.namenode.NameNode: RPC server is binding to localhost:9000
2015-12-13 14:53:59,894 INFO org.apache.hadoop.ipc.CallQueueManager: Using callQueue class java.util.concurrent.LinkedBlockingQueue
2015-12-13 14:53:59,972 INFO org.apache.hadoop.ipc.Server: Starting Socket Reader #1 for port 9000
2015-12-13 14:54:00,251 INFO org.apache.hadoop.hdfs.server.namenode.FSNamesystem: Registered FSNamesystemState MBean
2015-12-13 14:54:00,352 INFO org.apache.hadoop.hdfs.server.namenode.LeaseManager: Number of blocks under construction: 0
2015-12-13 14:54:00,353 INFO org.apache.hadoop.hdfs.server.namenode.LeaseManager: Number of blocks under construction: 0
2015-12-13 14:54:00,353 INFO org.apache.hadoop.hdfs.server.namenode.FSNamesystem: initializing replication queues
2015-12-13 14:54:00,356 INFO org.apache.hadoop.hdfs.StateChange: STATE* Leaving safe mode after 8 secs
2015-12-13 14:54:00,356 INFO org.apache.hadoop.hdfs.StateChange: STATE* Network topology has 0 racks and 0 datanodes
2015-12-13 14:54:00,396 INFO org.apache.hadoop.hdfs.StateChange: STATE* UnderReplicatedBlocks has 0 blocks
2015-12-13 14:54:00,488 INFO org.apache.hadoop.hdfs.server.blockmanagement.DatanodeDescriptor: Number of failed storage changes from 0 to 0
2015-12-13 14:54:00,509 INFO org.apache.hadoop.hdfs.server.blockmanagement.BlockManager: Total number of blocks            = 0
2015-12-13 14:54:00,556 INFO org.apache.hadoop.hdfs.server.blockmanagement.BlockManager: Number of invalid blocks          = 0
2015-12-13 14:54:00,556 INFO org.apache.hadoop.hdfs.server.blockmanagement.BlockManager: Number of under-replicated blocks = 0
2015-12-13 14:54:00,556 INFO org.apache.hadoop.hdfs.server.blockmanagement.BlockManager: Number of  over-replicated blocks = 0
2015-12-13 14:54:00,556 INFO org.apache.hadoop.hdfs.server.blockmanagement.BlockManager: Number of blocks being written    = 0
2015-12-13 14:54:00,556 INFO org.apache.hadoop.hdfs.StateChange: STATE* Replication Queue initialization scan for invalid, over- and under-replicated blocks completed in 192 msec
2015-12-13 14:54:00,956 INFO org.apache.hadoop.ipc.Server: IPC Server listener on 9000: starting
2015-12-13 14:54:00,936 INFO org.apache.hadoop.ipc.Server: IPC Server Responder: starting
2015-12-13 14:54:00,984 INFO org.apache.hadoop.hdfs.server.namenode.NameNode: NameNode RPC up at: localhost/127.0.0.1:9000
2015-12-13 14:54:00,984 INFO org.apache.hadoop.hdfs.server.namenode.FSNamesystem: Starting services required for active state
2015-12-13 14:54:01,005 INFO org.apache.hadoop.hdfs.server.blockmanagement.CacheReplicationMonitor: Starting CacheReplicationMonitor with interval 30000 milliseconds
2015-12-13 14:54:10,592 INFO org.apache.hadoop.hdfs.StateChange: BLOCK* registerDatanode: from DatanodeRegistration(127.0.0.1:50010, datanodeUuid=5c2745ab-8b04-406c-a9d7-c513e9d8983b, infoPort=50075, infoSecurePort=0, ipcPort=50020, storageInfo=lv=-56;cid=CID-5e691286-4de5-4dde-800b-c02a7a8bf44a;nsid=1995885711;c=0) storage 5c2745ab-8b04-406c-a9d7-c513e9d8983b
2015-12-13 14:54:10,592 INFO org.apache.hadoop.hdfs.server.blockmanagement.DatanodeDescriptor: Number of failed storage changes from 0 to 0
2015-12-13 14:54:10,593 INFO org.apache.hadoop.net.NetworkTopology: Adding a new node: /default-rack/127.0.0.1:50010
2015-12-13 14:54:11,695 INFO org.apache.hadoop.hdfs.server.blockmanagement.DatanodeDescriptor: Number of failed storage changes from 0 to 0
2015-12-13 14:54:11,695 INFO org.apache.hadoop.hdfs.server.blockmanagement.DatanodeDescriptor: Adding new storage ID DS-ef9a5443-f667-4e9d-8725-f14df066e7d7 for DN 127.0.0.1:50010
2015-12-13 14:54:12,482 INFO BlockStateChange: BLOCK* processReport: from storage DS-ef9a5443-f667-4e9d-8725-f14df066e7d7 node DatanodeRegistration(127.0.0.1:50010, datanodeUuid=5c2745ab-8b04-406c-a9d7-c513e9d8983b, infoPort=50075, infoSecurePort=0, ipcPort=50020, storageInfo=lv=-56;cid=CID-5e691286-4de5-4dde-800b-c02a7a8bf44a;nsid=1995885711;c=0), blocks: 0, hasStaleStorage: false, processing time: 1 msecs
2015-12-13 14:54:36,488 INFO org.apache.hadoop.hdfs.server.namenode.NameNode: STARTUP_MSG: 
/************************************************************
STARTUP_MSG: Starting NameNode
STARTUP_MSG:   host = fb16285d8175/172.17.0.46
STARTUP_MSG:   args = []
STARTUP_MSG:   version = 2.7.1
STARTUP_MSG:   classpath = /usr/local/hadoop/etc/hadoop/:/usr/local/hadoop/share/hadoop/common/lib/mockito-all-1.8.5.jar:/usr/local/hadoop/share/hadoop/common/lib/commons-compress-1.4.1.jar:/usr/local/hadoop/share/hadoop/common/lib/commons-beanutils-core-1.8.0.jar:/usr/local/hadoop/share/hadoop/common/lib/commons-httpclient-3.1.jar:/usr/local/hadoop/share/hadoop/common/lib/jersey-server-1.9.jar:/usr/local/hadoop/share/hadoop/common/lib/commons-io-2.4.jar:/usr/local/hadoop/share/hadoop/common/lib/protobuf-java-2.5.0.jar:/usr/local/hadoop/share/hadoop/common/lib/xz-1.0.jar:/usr/local/hadoop/share/hadoop/common/lib/commons-logging-1.1.3.jar:/usr/local/hadoop/share/hadoop/common/lib/log4j-1.2.17.jar:/usr/local/hadoop/share/hadoop/common/lib/jsr305-3.0.0.jar:/usr/local/hadoop/share/hadoop/common/lib/jsp-api-2.1.jar:/usr/local/hadoop/share/hadoop/common/lib/snappy-java-1.0.4.1.jar:/usr/local/hadoop/share/hadoop/common/lib/slf4j-api-1.7.10.jar:/usr/local/hadoop/share/hadoop/common/lib/htrace-core-3.1.0-incubating.jar:/usr/local/hadoop/share/hadoop/common/lib/curator-recipes-2.7.1.jar:/usr/local/hadoop/share/hadoop/common/lib/jaxb-api-2.2.2.jar:/usr/local/hadoop/share/hadoop/common/lib/activation-1.1.jar:/usr/local/hadoop/share/hadoop/common/lib/paranamer-2.3.jar:/usr/local/hadoop/share/hadoop/common/lib/jetty-6.1.26.jar:/usr/local/hadoop/share/hadoop/common/lib/commons-lang-2.6.jar:/usr/local/hadoop/share/hadoop/common/lib/commons-collections-3.2.1.jar:/usr/local/hadoop/share/hadoop/common/lib/hadoop-auth-2.7.1.jar:/usr/local/hadoop/share/hadoop/common/lib/jackson-core-asl-1.9.13.jar:/usr/local/hadoop/share/hadoop/common/lib/commons-digester-1.8.jar:/usr/local/hadoop/share/hadoop/common/lib/java-xmlbuilder-0.4.jar:/usr/local/hadoop/share/hadoop/common/lib/api-asn1-api-1.0.0-M20.jar:/usr/local/hadoop/share/hadoop/common/lib/commons-codec-1.4.jar:/usr/local/hadoop/share/hadoop/common/lib/commons-beanutils-1.7.0.jar:/usr/local/hadoop/share/hadoop/common/lib/jetty-util-6.1.26.jar:/usr/local/hadoop/share/hadoop/common/lib/xmlenc-0.52.jar:/usr/local/hadoop/share/hadoop/common/lib/jettison-1.1.jar:/usr/local/hadoop/share/hadoop/common/lib/commons-net-3.1.jar:/usr/local/hadoop/share/hadoop/common/lib/stax-api-1.0-2.jar:/usr/local/hadoop/share/hadoop/common/lib/commons-cli-1.2.jar:/usr/local/hadoop/share/hadoop/common/lib/guava-11.0.2.jar:/usr/local/hadoop/share/hadoop/common/lib/avro-1.7.4.jar:/usr/local/hadoop/share/hadoop/common/lib/api-util-1.0.0-M20.jar:/usr/local/hadoop/share/hadoop/common/lib/netty-3.6.2.Final.jar:/usr/local/hadoop/share/hadoop/common/lib/apacheds-i18n-2.0.0-M15.jar:/usr/local/hadoop/share/hadoop/common/lib/servlet-api-2.5.jar:/usr/local/hadoop/share/hadoop/common/lib/zookeeper-3.4.6.jar:/usr/local/hadoop/share/hadoop/common/lib/slf4j-log4j12-1.7.10.jar:/usr/local/hadoop/share/hadoop/common/lib/curator-client-2.7.1.jar:/usr/local/hadoop/share/hadoop/common/lib/commons-configuration-1.6.jar:/usr/local/hadoop/share/hadoop/common/lib/jackson-jaxrs-1.9.13.jar:/usr/local/hadoop/share/hadoop/common/lib/hadoop-annotations-2.7.1.jar:/usr/local/hadoop/share/hadoop/common/lib/httpclient-4.2.5.jar:/usr/local/hadoop/share/hadoop/common/lib/junit-4.11.jar:/usr/local/hadoop/share/hadoop/common/lib/jaxb-impl-2.2.3-1.jar:/usr/local/hadoop/share/hadoop/common/lib/jackson-xc-1.9.13.jar:/usr/local/hadoop/share/hadoop/common/lib/jackson-mapper-asl-1.9.13.jar:/usr/local/hadoop/share/hadoop/common/lib/jets3t-0.9.0.jar:/usr/local/hadoop/share/hadoop/common/lib/asm-3.2.jar:/usr/local/hadoop/share/hadoop/common/lib/jersey-json-1.9.jar:/usr/local/hadoop/share/hadoop/common/lib/jersey-core-1.9.jar:/usr/local/hadoop/share/hadoop/common/lib/jsch-0.1.42.jar:/usr/local/hadoop/share/hadoop/common/lib/curator-framework-2.7.1.jar:/usr/local/hadoop/share/hadoop/common/lib/httpcore-4.2.5.jar:/usr/local/hadoop/share/hadoop/common/lib/commons-math3-3.1.1.jar:/usr/local/hadoop/share/hadoop/common/lib/apacheds-kerberos-codec-2.0.0-M15.jar:/usr/local/hadoop/share/hadoop/common/lib/gson-2.2.4.jar:/usr/local/hadoop/share/hadoop/common/lib/hamcrest-core-1.3.jar:/usr/local/hadoop/share/hadoop/common/hadoop-common-2.7.1.jar:/usr/local/hadoop/share/hadoop/common/hadoop-nfs-2.7.1.jar:/usr/local/hadoop/share/hadoop/common/hadoop-common-2.7.1-tests.jar:/usr/local/hadoop/share/hadoop/hdfs:/usr/local/hadoop/share/hadoop/hdfs/lib/leveldbjni-all-1.8.jar:/usr/local/hadoop/share/hadoop/hdfs/lib/xml-apis-1.3.04.jar:/usr/local/hadoop/share/hadoop/hdfs/lib/xercesImpl-2.9.1.jar:/usr/local/hadoop/share/hadoop/hdfs/lib/jersey-server-1.9.jar:/usr/local/hadoop/share/hadoop/hdfs/lib/commons-io-2.4.jar:/usr/local/hadoop/share/hadoop/hdfs/lib/protobuf-java-2.5.0.jar:/usr/local/hadoop/share/hadoop/hdfs/lib/commons-logging-1.1.3.jar:/usr/local/hadoop/share/hadoop/hdfs/lib/log4j-1.2.17.jar:/usr/local/hadoop/share/hadoop/hdfs/lib/jsr305-3.0.0.jar:/usr/local/hadoop/share/hadoop/hdfs/lib/htrace-core-3.1.0-incubating.jar:/usr/local/hadoop/share/hadoop/hdfs/lib/jetty-6.1.26.jar:/usr/local/hadoop/share/hadoop/hdfs/lib/commons-lang-2.6.jar:/usr/local/hadoop/share/hadoop/hdfs/lib/jackson-core-asl-1.9.13.jar:/usr/local/hadoop/share/hadoop/hdfs/lib/commons-daemon-1.0.13.jar:/usr/local/hadoop/share/hadoop/hdfs/lib/commons-codec-1.4.jar:/usr/local/hadoop/share/hadoop/hdfs/lib/jetty-util-6.1.26.jar:/usr/local/hadoop/share/hadoop/hdfs/lib/xmlenc-0.52.jar:/usr/local/hadoop/share/hadoop/hdfs/lib/commons-cli-1.2.jar:/usr/local/hadoop/share/hadoop/hdfs/lib/guava-11.0.2.jar:/usr/local/hadoop/share/hadoop/hdfs/lib/netty-3.6.2.Final.jar:/usr/local/hadoop/share/hadoop/hdfs/lib/servlet-api-2.5.jar:/usr/local/hadoop/share/hadoop/hdfs/lib/netty-all-4.0.23.Final.jar:/usr/local/hadoop/share/hadoop/hdfs/lib/jackson-mapper-asl-1.9.13.jar:/usr/local/hadoop/share/hadoop/hdfs/lib/asm-3.2.jar:/usr/local/hadoop/share/hadoop/hdfs/lib/jersey-core-1.9.jar:/usr/local/hadoop/share/hadoop/hdfs/hadoop-hdfs-2.7.1-tests.jar:/usr/local/hadoop/share/hadoop/hdfs/hadoop-hdfs-nfs-2.7.1.jar:/usr/local/hadoop/share/hadoop/hdfs/hadoop-hdfs-2.7.1.jar:/usr/local/hadoop/share/hadoop/yarn/lib/leveldbjni-all-1.8.jar:/usr/local/hadoop/share/hadoop/yarn/lib/commons-compress-1.4.1.jar:/usr/local/hadoop/share/hadoop/yarn/lib/aopalliance-1.0.jar:/usr/local/hadoop/share/hadoop/yarn/lib/jersey-server-1.9.jar:/usr/local/hadoop/share/hadoop/yarn/lib/commons-io-2.4.jar:/usr/local/hadoop/share/hadoop/yarn/lib/protobuf-java-2.5.0.jar:/usr/local/hadoop/share/hadoop/yarn/lib/xz-1.0.jar:/usr/local/hadoop/share/hadoop/yarn/lib/commons-logging-1.1.3.jar:/usr/local/hadoop/share/hadoop/yarn/lib/log4j-1.2.17.jar:/usr/local/hadoop/share/hadoop/yarn/lib/jsr305-3.0.0.jar:/usr/local/hadoop/share/hadoop/yarn/lib/jaxb-api-2.2.2.jar:/usr/local/hadoop/share/hadoop/yarn/lib/activation-1.1.jar:/usr/local/hadoop/share/hadoop/yarn/lib/jetty-6.1.26.jar:/usr/local/hadoop/share/hadoop/yarn/lib/commons-lang-2.6.jar:/usr/local/hadoop/share/hadoop/yarn/lib/commons-collections-3.2.1.jar:/usr/local/hadoop/share/hadoop/yarn/lib/jackson-core-asl-1.9.13.jar:/usr/local/hadoop/share/hadoop/yarn/lib/jersey-client-1.9.jar:/usr/local/hadoop/share/hadoop/yarn/lib/commons-codec-1.4.jar:/usr/local/hadoop/share/hadoop/yarn/lib/zookeeper-3.4.6-tests.jar:/usr/local/hadoop/share/hadoop/yarn/lib/jetty-util-6.1.26.jar:/usr/local/hadoop/share/hadoop/yarn/lib/javax.inject-1.jar:/usr/local/hadoop/share/hadoop/yarn/lib/jettison-1.1.jar:/usr/local/hadoop/share/hadoop/yarn/lib/stax-api-1.0-2.jar:/usr/local/hadoop/share/hadoop/yarn/lib/commons-cli-1.2.jar:/usr/local/hadoop/share/hadoop/yarn/lib/guice-3.0.jar:/usr/local/hadoop/share/hadoop/yarn/lib/guava-11.0.2.jar:/usr/local/hadoop/share/hadoop/yarn/lib/netty-3.6.2.Final.jar:/usr/local/hadoop/share/hadoop/yarn/lib/servlet-api-2.5.jar:/usr/local/hadoop/share/hadoop/yarn/lib/zookeeper-3.4.6.jar:/usr/local/hadoop/share/hadoop/yarn/lib/jackson-jaxrs-1.9.13.jar:/usr/local/hadoop/share/hadoop/yarn/lib/jaxb-impl-2.2.3-1.jar:/usr/local/hadoop/share/hadoop/yarn/lib/jersey-guice-1.9.jar:/usr/local/hadoop/share/hadoop/yarn/lib/guice-servlet-3.0.jar:/usr/local/hadoop/share/hadoop/yarn/lib/jackson-xc-1.9.13.jar:/usr/local/hadoop/share/hadoop/yarn/lib/jackson-mapper-asl-1.9.13.jar:/usr/local/hadoop/share/hadoop/yarn/lib/asm-3.2.jar:/usr/local/hadoop/share/hadoop/yarn/lib/jersey-json-1.9.jar:/usr/local/hadoop/share/hadoop/yarn/lib/jersey-core-1.9.jar:/usr/local/hadoop/share/hadoop/yarn/hadoop-yarn-server-common-2.7.1.jar:/usr/local/hadoop/share/hadoop/yarn/hadoop-yarn-common-2.7.1.jar:/usr/local/hadoop/share/hadoop/yarn/hadoop-yarn-server-applicationhistoryservice-2.7.1.jar:/usr/local/hadoop/share/hadoop/yarn/hadoop-yarn-applications-distributedshell-2.7.1.jar:/usr/local/hadoop/share/hadoop/yarn/hadoop-yarn-server-nodemanager-2.7.1.jar:/usr/local/hadoop/share/hadoop/yarn/hadoop-yarn-server-web-proxy-2.7.1.jar:/usr/local/hadoop/share/hadoop/yarn/hadoop-yarn-server-resourcemanager-2.7.1.jar:/usr/local/hadoop/share/hadoop/yarn/hadoop-yarn-server-tests-2.7.1.jar:/usr/local/hadoop/share/hadoop/yarn/hadoop-yarn-api-2.7.1.jar:/usr/local/hadoop/share/hadoop/yarn/hadoop-yarn-server-sharedcachemanager-2.7.1.jar:/usr/local/hadoop/share/hadoop/yarn/hadoop-yarn-registry-2.7.1.jar:/usr/local/hadoop/share/hadoop/yarn/hadoop-yarn-applications-unmanaged-am-launcher-2.7.1.jar:/usr/local/hadoop/share/hadoop/yarn/hadoop-yarn-client-2.7.1.jar:/usr/local/hadoop/share/hadoop/mapreduce/lib/leveldbjni-all-1.8.jar:/usr/local/hadoop/share/hadoop/mapreduce/lib/commons-compress-1.4.1.jar:/usr/local/hadoop/share/hadoop/mapreduce/lib/aopalliance-1.0.jar:/usr/local/hadoop/share/hadoop/mapreduce/lib/jersey-server-1.9.jar:/usr/local/hadoop/share/hadoop/mapreduce/lib/commons-io-2.4.jar:/usr/local/hadoop/share/hadoop/mapreduce/lib/protobuf-java-2.5.0.jar:/usr/local/hadoop/share/hadoop/mapreduce/lib/xz-1.0.jar:/usr/local/hadoop/share/hadoop/mapreduce/lib/log4j-1.2.17.jar:/usr/local/hadoop/share/hadoop/mapreduce/lib/snappy-java-1.0.4.1.jar:/usr/local/hadoop/share/hadoop/mapreduce/lib/paranamer-2.3.jar:/usr/local/hadoop/share/hadoop/mapreduce/lib/jackson-core-asl-1.9.13.jar:/usr/local/hadoop/share/hadoop/mapreduce/lib/javax.inject-1.jar:/usr/local/hadoop/share/hadoop/mapreduce/lib/guice-3.0.jar:/usr/local/hadoop/share/hadoop/mapreduce/lib/avro-1.7.4.jar:/usr/local/hadoop/share/hadoop/mapreduce/lib/netty-3.6.2.Final.jar:/usr/local/hadoop/share/hadoop/mapreduce/lib/hadoop-annotations-2.7.1.jar:/usr/local/hadoop/share/hadoop/mapreduce/lib/junit-4.11.jar:/usr/local/hadoop/share/hadoop/mapreduce/lib/jersey-guice-1.9.jar:/usr/local/hadoop/share/hadoop/mapreduce/lib/guice-servlet-3.0.jar:/usr/local/hadoop/share/hadoop/mapreduce/lib/jackson-mapper-asl-1.9.13.jar:/usr/local/hadoop/share/hadoop/mapreduce/lib/asm-3.2.jar:/usr/local/hadoop/share/hadoop/mapreduce/lib/jersey-core-1.9.jar:/usr/local/hadoop/share/hadoop/mapreduce/lib/hamcrest-core-1.3.jar:/usr/local/hadoop/share/hadoop/mapreduce/hadoop-mapreduce-client-shuffle-2.7.1.jar:/usr/local/hadoop/share/hadoop/mapreduce/hadoop-mapreduce-client-core-2.7.1.jar:/usr/local/hadoop/share/hadoop/mapreduce/hadoop-mapreduce-client-app-2.7.1.jar:/usr/local/hadoop/share/hadoop/mapreduce/hadoop-mapreduce-client-hs-2.7.1.jar:/usr/local/hadoop/share/hadoop/mapreduce/hadoop-mapreduce-client-common-2.7.1.jar:/usr/local/hadoop/share/hadoop/mapreduce/hadoop-mapreduce-client-jobclient-2.7.1.jar:/usr/local/hadoop/share/hadoop/mapreduce/hadoop-mapreduce-client-jobclient-2.7.1-tests.jar:/usr/local/hadoop/share/hadoop/mapreduce/hadoop-mapreduce-client-hs-plugins-2.7.1.jar:/usr/local/hadoop/share/hadoop/mapreduce/hadoop-mapreduce-examples-2.7.1.jar:/usr/local/hadoop/contrib/capacity-scheduler/*.jar:/usr/local/hadoop/contrib/capacity-scheduler/*.jar:/usr/local/hadoop/contrib/capacity-scheduler/*.jar
STARTUP_MSG:   build = https://git-wip-us.apache.org/repos/asf/hadoop.git -r 15ecc87ccf4a0228f35af08fc56de536e6ce657a; compiled by 'jenkins' on 2015-06-29T06:04Z
STARTUP_MSG:   java = 1.7.0_71
************************************************************/
2015-12-13 14:54:36,505 INFO org.apache.hadoop.hdfs.server.namenode.NameNode: registered UNIX signal handlers for [TERM, HUP, INT]
2015-12-13 14:54:36,521 INFO org.apache.hadoop.hdfs.server.namenode.NameNode: createNameNode []
2015-12-13 14:54:37,506 INFO org.apache.hadoop.metrics2.impl.MetricsConfig: loaded properties from hadoop-metrics2.properties
2015-12-13 14:54:37,710 INFO org.apache.hadoop.metrics2.impl.MetricsSystemImpl: Scheduled snapshot period at 10 second(s).
2015-12-13 14:54:37,710 INFO org.apache.hadoop.metrics2.impl.MetricsSystemImpl: NameNode metrics system started
2015-12-13 14:54:37,725 INFO org.apache.hadoop.hdfs.server.namenode.NameNode: fs.defaultFS is hdfs://localhost:9000
2015-12-13 14:54:37,729 INFO org.apache.hadoop.hdfs.server.namenode.NameNode: Clients are to use localhost:9000 to access this namenode/service.
2015-12-13 14:54:38,333 WARN org.apache.hadoop.util.NativeCodeLoader: Unable to load native-hadoop library for your platform... using builtin-java classes where applicable
2015-12-13 14:54:39,154 INFO org.apache.hadoop.hdfs.DFSUtil: Starting Web-server for hdfs at: http://0.0.0.0:50070
2015-12-13 14:54:39,475 INFO org.mortbay.log: Logging to org.slf4j.impl.Log4jLoggerAdapter(org.mortbay.log) via org.mortbay.log.Slf4jLog
2015-12-13 14:54:39,542 INFO org.apache.hadoop.security.authentication.server.AuthenticationFilter: Unable to initialize FileSignerSecretProvider, falling back to use random secrets.
2015-12-13 14:54:39,583 INFO org.apache.hadoop.http.HttpRequestLog: Http request log for http.requests.namenode is not defined
2015-12-13 14:54:39,661 INFO org.apache.hadoop.http.HttpServer2: Added global filter 'safety' (class=org.apache.hadoop.http.HttpServer2$QuotingInputFilter)
2015-12-13 14:54:39,676 INFO org.apache.hadoop.http.HttpServer2: Added filter static_user_filter (class=org.apache.hadoop.http.lib.StaticUserWebFilter$StaticUserFilter) to context hdfs
2015-12-13 14:54:39,676 INFO org.apache.hadoop.http.HttpServer2: Added filter static_user_filter (class=org.apache.hadoop.http.lib.StaticUserWebFilter$StaticUserFilter) to context logs
2015-12-13 14:54:39,676 INFO org.apache.hadoop.http.HttpServer2: Added filter static_user_filter (class=org.apache.hadoop.http.lib.StaticUserWebFilter$StaticUserFilter) to context static
2015-12-13 14:54:39,851 INFO org.apache.hadoop.http.HttpServer2: Added filter 'org.apache.hadoop.hdfs.web.AuthFilter' (class=org.apache.hadoop.hdfs.web.AuthFilter)
2015-12-13 14:54:39,888 INFO org.apache.hadoop.http.HttpServer2: addJerseyResourcePackage: packageName=org.apache.hadoop.hdfs.server.namenode.web.resources;org.apache.hadoop.hdfs.web.resources, pathSpec=/webhdfs/v1/*
2015-12-13 14:54:40,023 INFO org.apache.hadoop.http.HttpServer2: Jetty bound to port 50070
2015-12-13 14:54:40,023 INFO org.mortbay.log: jetty-6.1.26
2015-12-13 14:54:41,292 INFO org.mortbay.log: Started HttpServer2$SelectChannelConnectorWithSafeStartup@0.0.0.0:50070
2015-12-13 14:54:41,463 WARN org.apache.hadoop.hdfs.server.namenode.FSNamesystem: Only one image storage directory (dfs.namenode.name.dir) configured. Beware of data loss due to lack of redundant storage directories!
2015-12-13 14:54:41,465 WARN org.apache.hadoop.hdfs.server.namenode.FSNamesystem: Only one namespace edits storage directory (dfs.namenode.edits.dir) configured. Beware of data loss due to lack of redundant storage directories!
2015-12-13 14:54:41,694 INFO org.apache.hadoop.hdfs.server.namenode.FSNamesystem: No KeyProvider found.
2015-12-13 14:54:41,694 INFO org.apache.hadoop.hdfs.server.namenode.FSNamesystem: fsLock is fair:true
2015-12-13 14:54:41,915 INFO org.apache.hadoop.hdfs.server.blockmanagement.DatanodeManager: dfs.block.invalidate.limit=1000
2015-12-13 14:54:41,916 INFO org.apache.hadoop.hdfs.server.blockmanagement.DatanodeManager: dfs.namenode.datanode.registration.ip-hostname-check=true
2015-12-13 14:54:41,917 INFO org.apache.hadoop.hdfs.server.blockmanagement.BlockManager: dfs.namenode.startup.delay.block.deletion.sec is set to 000:00:00:00.000
2015-12-13 14:54:41,918 INFO org.apache.hadoop.hdfs.server.blockmanagement.BlockManager: The block deletion will start around 2015 Dec 13 14:54:41
2015-12-13 14:54:41,920 INFO org.apache.hadoop.util.GSet: Computing capacity for map BlocksMap
2015-12-13 14:54:41,920 INFO org.apache.hadoop.util.GSet: VM type       = 64-bit
2015-12-13 14:54:41,921 INFO org.apache.hadoop.util.GSet: 2.0% max memory 966.7 MB = 19.3 MB
2015-12-13 14:54:41,921 INFO org.apache.hadoop.util.GSet: capacity      = 2^21 = 2097152 entries
2015-12-13 14:54:41,996 INFO org.apache.hadoop.hdfs.server.blockmanagement.BlockManager: dfs.block.access.token.enable=false
2015-12-13 14:54:41,996 INFO org.apache.hadoop.hdfs.server.blockmanagement.BlockManager: defaultReplication         = 1
2015-12-13 14:54:41,996 INFO org.apache.hadoop.hdfs.server.blockmanagement.BlockManager: maxReplication             = 512
2015-12-13 14:54:41,996 INFO org.apache.hadoop.hdfs.server.blockmanagement.BlockManager: minReplication             = 1
2015-12-13 14:54:41,996 INFO org.apache.hadoop.hdfs.server.blockmanagement.BlockManager: maxReplicationStreams      = 2
2015-12-13 14:54:41,996 INFO org.apache.hadoop.hdfs.server.blockmanagement.BlockManager: shouldCheckForEnoughRacks  = false
2015-12-13 14:54:41,996 INFO org.apache.hadoop.hdfs.server.blockmanagement.BlockManager: replicationRecheckInterval = 3000
2015-12-13 14:54:41,996 INFO org.apache.hadoop.hdfs.server.blockmanagement.BlockManager: encryptDataTransfer        = false
2015-12-13 14:54:41,997 INFO org.apache.hadoop.hdfs.server.blockmanagement.BlockManager: maxNumBlocksToLog          = 1000
2015-12-13 14:54:42,049 INFO org.apache.hadoop.hdfs.server.namenode.FSNamesystem: fsOwner             = root (auth:SIMPLE)
2015-12-13 14:54:42,049 INFO org.apache.hadoop.hdfs.server.namenode.FSNamesystem: supergroup          = supergroup
2015-12-13 14:54:42,049 INFO org.apache.hadoop.hdfs.server.namenode.FSNamesystem: isPermissionEnabled = true
2015-12-13 14:54:42,049 INFO org.apache.hadoop.hdfs.server.namenode.FSNamesystem: HA Enabled: false
2015-12-13 14:54:42,050 INFO org.apache.hadoop.hdfs.server.namenode.FSNamesystem: Append Enabled: true
2015-12-13 14:54:43,198 INFO org.apache.hadoop.util.GSet: Computing capacity for map INodeMap
2015-12-13 14:54:43,198 INFO org.apache.hadoop.util.GSet: VM type       = 64-bit
2015-12-13 14:54:43,199 INFO org.apache.hadoop.util.GSet: 1.0% max memory 966.7 MB = 9.7 MB
2015-12-13 14:54:43,199 INFO org.apache.hadoop.util.GSet: capacity      = 2^20 = 1048576 entries
2015-12-13 14:54:43,199 INFO org.apache.hadoop.hdfs.server.namenode.FSDirectory: ACLs enabled? false
2015-12-13 14:54:43,228 INFO org.apache.hadoop.hdfs.server.namenode.FSDirectory: XAttrs enabled? true
2015-12-13 14:54:43,228 INFO org.apache.hadoop.hdfs.server.namenode.FSDirectory: Maximum size of an xattr: 16384
2015-12-13 14:54:43,228 INFO org.apache.hadoop.hdfs.server.namenode.NameNode: Caching file names occuring more than 10 times
2015-12-13 14:54:43,235 INFO org.apache.hadoop.util.GSet: Computing capacity for map cachedBlocks
2015-12-13 14:54:43,235 INFO org.apache.hadoop.util.GSet: VM type       = 64-bit
2015-12-13 14:54:43,235 INFO org.apache.hadoop.util.GSet: 0.25% max memory 966.7 MB = 2.4 MB
2015-12-13 14:54:43,235 INFO org.apache.hadoop.util.GSet: capacity      = 2^18 = 262144 entries
2015-12-13 14:54:43,245 INFO org.apache.hadoop.hdfs.server.namenode.FSNamesystem: dfs.namenode.safemode.threshold-pct = 0.9990000128746033
2015-12-13 14:54:43,245 INFO org.apache.hadoop.hdfs.server.namenode.FSNamesystem: dfs.namenode.safemode.min.datanodes = 0
2015-12-13 14:54:43,245 INFO org.apache.hadoop.hdfs.server.namenode.FSNamesystem: dfs.namenode.safemode.extension     = 30000
2015-12-13 14:54:43,248 INFO org.apache.hadoop.hdfs.server.namenode.top.metrics.TopMetrics: NNTop conf: dfs.namenode.top.window.num.buckets = 10
2015-12-13 14:54:43,260 INFO org.apache.hadoop.hdfs.server.namenode.top.metrics.TopMetrics: NNTop conf: dfs.namenode.top.num.users = 10
2015-12-13 14:54:43,260 INFO org.apache.hadoop.hdfs.server.namenode.top.metrics.TopMetrics: NNTop conf: dfs.namenode.top.windows.minutes = 1,5,25
2015-12-13 14:54:43,262 INFO org.apache.hadoop.hdfs.server.namenode.FSNamesystem: Retry cache on namenode is enabled
2015-12-13 14:54:43,262 INFO org.apache.hadoop.hdfs.server.namenode.FSNamesystem: Retry cache will use 0.03 of total heap and retry cache entry expiry time is 600000 millis
2015-12-13 14:54:43,282 INFO org.apache.hadoop.util.GSet: Computing capacity for map NameNodeRetryCache
2015-12-13 14:54:43,282 INFO org.apache.hadoop.util.GSet: VM type       = 64-bit
2015-12-13 14:54:43,282 INFO org.apache.hadoop.util.GSet: 0.029999999329447746% max memory 966.7 MB = 297.0 KB
2015-12-13 14:54:43,282 INFO org.apache.hadoop.util.GSet: capacity      = 2^15 = 32768 entries
2015-12-13 14:54:43,325 INFO org.apache.hadoop.hdfs.server.common.Storage: Lock on /tmp/hadoop-root/dfs/name/in_use.lock acquired by nodename 124@fb16285d8175
2015-12-13 14:54:43,858 INFO org.apache.hadoop.hdfs.server.namenode.FileJournalManager: Recovering unfinalized segments in /tmp/hadoop-root/dfs/name/current
2015-12-13 14:54:45,045 INFO org.apache.hadoop.hdfs.server.namenode.FileJournalManager: Finalizing edits file /tmp/hadoop-root/dfs/name/current/edits_inprogress_0000000000000000001 -> /tmp/hadoop-root/dfs/name/current/edits_0000000000000000001-0000000000000000003
2015-12-13 14:54:45,376 INFO org.apache.hadoop.hdfs.server.namenode.FSImageFormatPBINode: Loading 1 INodes.
2015-12-13 14:54:45,722 INFO org.apache.hadoop.hdfs.server.namenode.FSImageFormatProtobuf: Loaded FSImage in 0 seconds.
2015-12-13 14:54:45,735 INFO org.apache.hadoop.hdfs.server.namenode.FSImage: Loaded image for txid 0 from /tmp/hadoop-root/dfs/name/current/fsimage_0000000000000000000
2015-12-13 14:54:45,735 INFO org.apache.hadoop.hdfs.server.namenode.FSImage: Reading org.apache.hadoop.hdfs.server.namenode.RedundantEditLogInputStream@69f540fe expecting start txid #1
2015-12-13 14:54:45,735 INFO org.apache.hadoop.hdfs.server.namenode.FSImage: Start loading edits file /tmp/hadoop-root/dfs/name/current/edits_0000000000000000001-0000000000000000003
2015-12-13 14:54:45,738 INFO org.apache.hadoop.hdfs.server.namenode.EditLogInputStream: Fast-forwarding stream '/tmp/hadoop-root/dfs/name/current/edits_0000000000000000001-0000000000000000003' to transaction ID 1
2015-12-13 14:54:45,818 INFO org.apache.hadoop.hdfs.server.namenode.FSImage: Edits file /tmp/hadoop-root/dfs/name/current/edits_0000000000000000001-0000000000000000003 of size 1048576 edits # 3 loaded in 0 seconds
2015-12-13 14:54:45,818 INFO org.apache.hadoop.hdfs.server.namenode.FSNamesystem: Need to save fs image? false (staleImage=false, haEnabled=false, isRollingUpgrade=false)
2015-12-13 14:54:45,819 INFO org.apache.hadoop.hdfs.server.namenode.FSEditLog: Starting log segment at 4
2015-12-13 14:54:46,850 INFO org.apache.hadoop.hdfs.server.namenode.NameCache: initialized with 0 entries 0 lookups
2015-12-13 14:54:46,912 INFO org.apache.hadoop.hdfs.server.namenode.FSNamesystem: Finished loading FSImage in 3617 msecs
2015-12-13 14:54:48,762 INFO org.apache.hadoop.hdfs.server.namenode.NameNode: RPC server is binding to localhost:9000
2015-12-13 14:54:48,883 INFO org.apache.hadoop.ipc.CallQueueManager: Using callQueue class java.util.concurrent.LinkedBlockingQueue
2015-12-13 14:54:49,072 INFO org.apache.hadoop.ipc.Server: Starting Socket Reader #1 for port 9000
2015-12-13 14:54:49,573 INFO org.apache.hadoop.hdfs.server.namenode.FSNamesystem: Registered FSNamesystemState MBean
2015-12-13 14:54:49,664 INFO org.apache.hadoop.hdfs.server.namenode.LeaseManager: Number of blocks under construction: 0
2015-12-13 14:54:49,664 INFO org.apache.hadoop.hdfs.server.namenode.LeaseManager: Number of blocks under construction: 0
2015-12-13 14:54:49,664 INFO org.apache.hadoop.hdfs.server.namenode.FSNamesystem: initializing replication queues
2015-12-13 14:54:49,668 INFO org.apache.hadoop.hdfs.StateChange: STATE* Leaving safe mode after 7 secs
2015-12-13 14:54:49,668 INFO org.apache.hadoop.hdfs.StateChange: STATE* Network topology has 0 racks and 0 datanodes
2015-12-13 14:54:49,668 INFO org.apache.hadoop.hdfs.StateChange: STATE* UnderReplicatedBlocks has 0 blocks
2015-12-13 14:54:49,719 INFO org.apache.hadoop.hdfs.server.blockmanagement.DatanodeDescriptor: Number of failed storage changes from 0 to 0
2015-12-13 14:54:49,792 INFO org.apache.hadoop.hdfs.server.blockmanagement.BlockManager: Total number of blocks            = 0
2015-12-13 14:54:49,853 INFO org.apache.hadoop.hdfs.server.blockmanagement.BlockManager: Number of invalid blocks          = 0
2015-12-13 14:54:49,853 INFO org.apache.hadoop.hdfs.server.blockmanagement.BlockManager: Number of under-replicated blocks = 0
2015-12-13 14:54:49,853 INFO org.apache.hadoop.hdfs.server.blockmanagement.BlockManager: Number of  over-replicated blocks = 0
2015-12-13 14:54:49,853 INFO org.apache.hadoop.hdfs.server.blockmanagement.BlockManager: Number of blocks being written    = 0
2015-12-13 14:54:49,853 INFO org.apache.hadoop.hdfs.StateChange: STATE* Replication Queue initialization scan for invalid, over- and under-replicated blocks completed in 184 msec
2015-12-13 14:54:50,148 INFO org.apache.hadoop.ipc.Server: IPC Server Responder: starting
2015-12-13 14:54:50,158 INFO org.apache.hadoop.ipc.Server: IPC Server listener on 9000: starting
2015-12-13 14:54:50,190 INFO org.apache.hadoop.hdfs.server.namenode.NameNode: NameNode RPC up at: localhost/127.0.0.1:9000
2015-12-13 14:54:50,190 INFO org.apache.hadoop.hdfs.server.namenode.FSNamesystem: Starting services required for active state
2015-12-13 14:54:50,222 INFO org.apache.hadoop.hdfs.server.blockmanagement.CacheReplicationMonitor: Starting CacheReplicationMonitor with interval 30000 milliseconds
2015-12-13 14:55:02,026 INFO org.apache.hadoop.hdfs.StateChange: BLOCK* registerDatanode: from DatanodeRegistration(127.0.0.1:50010, datanodeUuid=5c2745ab-8b04-406c-a9d7-c513e9d8983b, infoPort=50075, infoSecurePort=0, ipcPort=50020, storageInfo=lv=-56;cid=CID-5e691286-4de5-4dde-800b-c02a7a8bf44a;nsid=1995885711;c=0) storage 5c2745ab-8b04-406c-a9d7-c513e9d8983b
2015-12-13 14:55:02,026 INFO org.apache.hadoop.hdfs.server.blockmanagement.DatanodeDescriptor: Number of failed storage changes from 0 to 0
2015-12-13 14:55:02,027 INFO org.apache.hadoop.net.NetworkTopology: Adding a new node: /default-rack/127.0.0.1:50010
2015-12-13 14:55:02,542 INFO org.apache.hadoop.hdfs.server.blockmanagement.DatanodeDescriptor: Number of failed storage changes from 0 to 0
2015-12-13 14:55:02,542 INFO org.apache.hadoop.hdfs.server.blockmanagement.DatanodeDescriptor: Adding new storage ID DS-ef9a5443-f667-4e9d-8725-f14df066e7d7 for DN 127.0.0.1:50010
2015-12-13 14:55:02,872 INFO BlockStateChange: BLOCK* processReport: from storage DS-ef9a5443-f667-4e9d-8725-f14df066e7d7 node DatanodeRegistration(127.0.0.1:50010, datanodeUuid=5c2745ab-8b04-406c-a9d7-c513e9d8983b, infoPort=50075, infoSecurePort=0, ipcPort=50020, storageInfo=lv=-56;cid=CID-5e691286-4de5-4dde-800b-c02a7a8bf44a;nsid=1995885711;c=0), blocks: 0, hasStaleStorage: false, processing time: 3 msecs
2015-12-13 14:55:20,401 INFO org.apache.hadoop.hdfs.StateChange: BLOCK* allocate blk_1073741825_1001{UCState=UNDER_CONSTRUCTION, truncateBlock=null, primaryNodeIndex=-1, replicas=[ReplicaUC[[DISK]DS-ef9a5443-f667-4e9d-8725-f14df066e7d7:NORMAL:127.0.0.1:50010|RBW]]} for /user/root/input/capacity-scheduler.xml._COPYING_
2015-12-13 14:55:21,763 INFO BlockStateChange: BLOCK* addStoredBlock: blockMap updated: 127.0.0.1:50010 is added to blk_1073741825_1001{UCState=UNDER_CONSTRUCTION, truncateBlock=null, primaryNodeIndex=-1, replicas=[ReplicaUC[[DISK]DS-ef9a5443-f667-4e9d-8725-f14df066e7d7:NORMAL:127.0.0.1:50010|RBW]]} size 0
2015-12-13 14:55:21,798 INFO org.apache.hadoop.hdfs.StateChange: DIR* completeFile: /user/root/input/capacity-scheduler.xml._COPYING_ is closed by DFSClient_NONMAPREDUCE_-834046005_1
2015-12-13 14:55:21,919 INFO org.apache.hadoop.hdfs.StateChange: BLOCK* allocate blk_1073741826_1002{UCState=UNDER_CONSTRUCTION, truncateBlock=null, primaryNodeIndex=-1, replicas=[ReplicaUC[[DISK]DS-ef9a5443-f667-4e9d-8725-f14df066e7d7:NORMAL:127.0.0.1:50010|RBW]]} for /user/root/input/configuration.xsl._COPYING_
2015-12-13 14:55:21,938 INFO BlockStateChange: BLOCK* addStoredBlock: blockMap updated: 127.0.0.1:50010 is added to blk_1073741826_1002{UCState=UNDER_CONSTRUCTION, truncateBlock=null, primaryNodeIndex=-1, replicas=[ReplicaUC[[DISK]DS-ef9a5443-f667-4e9d-8725-f14df066e7d7:NORMAL:127.0.0.1:50010|RBW]]} size 0
2015-12-13 14:55:21,950 INFO org.apache.hadoop.hdfs.StateChange: DIR* completeFile: /user/root/input/configuration.xsl._COPYING_ is closed by DFSClient_NONMAPREDUCE_-834046005_1
2015-12-13 14:55:22,003 INFO org.apache.hadoop.hdfs.StateChange: BLOCK* allocate blk_1073741827_1003{UCState=UNDER_CONSTRUCTION, truncateBlock=null, primaryNodeIndex=-1, replicas=[ReplicaUC[[DISK]DS-ef9a5443-f667-4e9d-8725-f14df066e7d7:NORMAL:127.0.0.1:50010|RBW]]} for /user/root/input/container-executor.cfg._COPYING_
2015-12-13 14:55:22,020 INFO BlockStateChange: BLOCK* addStoredBlock: blockMap updated: 127.0.0.1:50010 is added to blk_1073741827_1003{UCState=UNDER_CONSTRUCTION, truncateBlock=null, primaryNodeIndex=-1, replicas=[ReplicaUC[[DISK]DS-ef9a5443-f667-4e9d-8725-f14df066e7d7:NORMAL:127.0.0.1:50010|RBW]]} size 0
2015-12-13 14:55:22,033 INFO org.apache.hadoop.hdfs.StateChange: DIR* completeFile: /user/root/input/container-executor.cfg._COPYING_ is closed by DFSClient_NONMAPREDUCE_-834046005_1
2015-12-13 14:55:22,051 INFO org.apache.hadoop.hdfs.StateChange: BLOCK* allocate blk_1073741828_1004{UCState=UNDER_CONSTRUCTION, truncateBlock=null, primaryNodeIndex=-1, replicas=[ReplicaUC[[DISK]DS-ef9a5443-f667-4e9d-8725-f14df066e7d7:NORMAL:127.0.0.1:50010|RBW]]} for /user/root/input/core-site.xml._COPYING_
2015-12-13 14:55:22,072 INFO BlockStateChange: BLOCK* addStoredBlock: blockMap updated: 127.0.0.1:50010 is added to blk_1073741828_1004{UCState=UNDER_CONSTRUCTION, truncateBlock=null, primaryNodeIndex=-1, replicas=[ReplicaUC[[DISK]DS-ef9a5443-f667-4e9d-8725-f14df066e7d7:NORMAL:127.0.0.1:50010|RBW]]} size 0
2015-12-13 14:55:22,075 INFO org.apache.hadoop.hdfs.StateChange: DIR* completeFile: /user/root/input/core-site.xml._COPYING_ is closed by DFSClient_NONMAPREDUCE_-834046005_1
2015-12-13 14:55:22,095 INFO org.apache.hadoop.hdfs.StateChange: BLOCK* allocate blk_1073741829_1005{UCState=UNDER_CONSTRUCTION, truncateBlock=null, primaryNodeIndex=-1, replicas=[ReplicaUC[[DISK]DS-ef9a5443-f667-4e9d-8725-f14df066e7d7:NORMAL:127.0.0.1:50010|RBW]]} for /user/root/input/core-site.xml.template._COPYING_
2015-12-13 14:55:22,117 INFO BlockStateChange: BLOCK* addStoredBlock: blockMap updated: 127.0.0.1:50010 is added to blk_1073741829_1005{UCState=UNDER_CONSTRUCTION, truncateBlock=null, primaryNodeIndex=-1, replicas=[ReplicaUC[[DISK]DS-ef9a5443-f667-4e9d-8725-f14df066e7d7:NORMAL:127.0.0.1:50010|RBW]]} size 0
2015-12-13 14:55:22,119 INFO org.apache.hadoop.hdfs.StateChange: DIR* completeFile: /user/root/input/core-site.xml.template._COPYING_ is closed by DFSClient_NONMAPREDUCE_-834046005_1
2015-12-13 14:55:22,158 INFO org.apache.hadoop.hdfs.StateChange: BLOCK* allocate blk_1073741830_1006{UCState=UNDER_CONSTRUCTION, truncateBlock=null, primaryNodeIndex=-1, replicas=[ReplicaUC[[DISK]DS-ef9a5443-f667-4e9d-8725-f14df066e7d7:NORMAL:127.0.0.1:50010|RBW]]} for /user/root/input/hadoop-env.cmd._COPYING_
2015-12-13 14:55:22,200 INFO BlockStateChange: BLOCK* addStoredBlock: blockMap updated: 127.0.0.1:50010 is added to blk_1073741830_1006{UCState=UNDER_CONSTRUCTION, truncateBlock=null, primaryNodeIndex=-1, replicas=[ReplicaUC[[DISK]DS-ef9a5443-f667-4e9d-8725-f14df066e7d7:NORMAL:127.0.0.1:50010|RBW]]} size 0
2015-12-13 14:55:22,203 INFO org.apache.hadoop.hdfs.StateChange: DIR* completeFile: /user/root/input/hadoop-env.cmd._COPYING_ is closed by DFSClient_NONMAPREDUCE_-834046005_1
2015-12-13 14:55:22,222 INFO org.apache.hadoop.hdfs.StateChange: BLOCK* allocate blk_1073741831_1007{UCState=UNDER_CONSTRUCTION, truncateBlock=null, primaryNodeIndex=-1, replicas=[ReplicaUC[[DISK]DS-ef9a5443-f667-4e9d-8725-f14df066e7d7:NORMAL:127.0.0.1:50010|RBW]]} for /user/root/input/hadoop-env.sh._COPYING_
2015-12-13 14:55:22,239 INFO BlockStateChange: BLOCK* addStoredBlock: blockMap updated: 127.0.0.1:50010 is added to blk_1073741831_1007{UCState=UNDER_CONSTRUCTION, truncateBlock=null, primaryNodeIndex=-1, replicas=[ReplicaUC[[DISK]DS-ef9a5443-f667-4e9d-8725-f14df066e7d7:NORMAL:127.0.0.1:50010|RBW]]} size 0
2015-12-13 14:55:22,250 INFO org.apache.hadoop.hdfs.StateChange: DIR* completeFile: /user/root/input/hadoop-env.sh._COPYING_ is closed by DFSClient_NONMAPREDUCE_-834046005_1
2015-12-13 14:55:22,269 INFO org.apache.hadoop.hdfs.StateChange: BLOCK* allocate blk_1073741832_1008{UCState=UNDER_CONSTRUCTION, truncateBlock=null, primaryNodeIndex=-1, replicas=[ReplicaUC[[DISK]DS-ef9a5443-f667-4e9d-8725-f14df066e7d7:NORMAL:127.0.0.1:50010|RBW]]} for /user/root/input/hadoop-metrics.properties._COPYING_
2015-12-13 14:55:22,286 INFO org.apache.hadoop.hdfs.server.namenode.FSNamesystem: BLOCK* blk_1073741832_1008{UCState=COMMITTED, truncateBlock=null, primaryNodeIndex=-1, replicas=[ReplicaUC[[DISK]DS-ef9a5443-f667-4e9d-8725-f14df066e7d7:NORMAL:127.0.0.1:50010|RBW]]} is not COMPLETE (ucState = COMMITTED, replication# = 0 <  minimum = 1) in file /user/root/input/hadoop-metrics.properties._COPYING_
2015-12-13 14:55:22,287 INFO BlockStateChange: BLOCK* addStoredBlock: blockMap updated: 127.0.0.1:50010 is added to blk_1073741832_1008{UCState=COMMITTED, truncateBlock=null, primaryNodeIndex=-1, replicas=[ReplicaUC[[DISK]DS-ef9a5443-f667-4e9d-8725-f14df066e7d7:NORMAL:127.0.0.1:50010|RBW]]} size 2490
2015-12-13 14:55:22,688 INFO org.apache.hadoop.hdfs.StateChange: DIR* completeFile: /user/root/input/hadoop-metrics.properties._COPYING_ is closed by DFSClient_NONMAPREDUCE_-834046005_1
2015-12-13 14:55:22,698 INFO org.apache.hadoop.hdfs.StateChange: BLOCK* allocate blk_1073741833_1009{UCState=UNDER_CONSTRUCTION, truncateBlock=null, primaryNodeIndex=-1, replicas=[ReplicaUC[[DISK]DS-ef9a5443-f667-4e9d-8725-f14df066e7d7:NORMAL:127.0.0.1:50010|RBW]]} for /user/root/input/hadoop-metrics2.properties._COPYING_
2015-12-13 14:55:22,717 INFO BlockStateChange: BLOCK* addStoredBlock: blockMap updated: 127.0.0.1:50010 is added to blk_1073741833_1009{UCState=UNDER_CONSTRUCTION, truncateBlock=null, primaryNodeIndex=-1, replicas=[ReplicaUC[[DISK]DS-ef9a5443-f667-4e9d-8725-f14df066e7d7:NORMAL:127.0.0.1:50010|RBW]]} size 0
2015-12-13 14:55:22,728 INFO org.apache.hadoop.hdfs.StateChange: DIR* completeFile: /user/root/input/hadoop-metrics2.properties._COPYING_ is closed by DFSClient_NONMAPREDUCE_-834046005_1
2015-12-13 14:55:22,761 INFO org.apache.hadoop.hdfs.StateChange: BLOCK* allocate blk_1073741834_1010{UCState=UNDER_CONSTRUCTION, truncateBlock=null, primaryNodeIndex=-1, replicas=[ReplicaUC[[DISK]DS-ef9a5443-f667-4e9d-8725-f14df066e7d7:NORMAL:127.0.0.1:50010|RBW]]} for /user/root/input/hadoop-policy.xml._COPYING_
2015-12-13 14:55:22,770 INFO BlockStateChange: BLOCK* addStoredBlock: blockMap updated: 127.0.0.1:50010 is added to blk_1073741834_1010{UCState=UNDER_CONSTRUCTION, truncateBlock=null, primaryNodeIndex=-1, replicas=[ReplicaUC[[DISK]DS-ef9a5443-f667-4e9d-8725-f14df066e7d7:NORMAL:127.0.0.1:50010|RBW]]} size 0
2015-12-13 14:55:22,785 INFO org.apache.hadoop.hdfs.StateChange: DIR* completeFile: /user/root/input/hadoop-policy.xml._COPYING_ is closed by DFSClient_NONMAPREDUCE_-834046005_1
2015-12-13 14:55:22,794 INFO org.apache.hadoop.hdfs.StateChange: BLOCK* allocate blk_1073741835_1011{UCState=UNDER_CONSTRUCTION, truncateBlock=null, primaryNodeIndex=-1, replicas=[ReplicaUC[[DISK]DS-ef9a5443-f667-4e9d-8725-f14df066e7d7:NORMAL:127.0.0.1:50010|RBW]]} for /user/root/input/hdfs-site.xml._COPYING_
2015-12-13 14:55:22,809 INFO BlockStateChange: BLOCK* addStoredBlock: blockMap updated: 127.0.0.1:50010 is added to blk_1073741835_1011{UCState=UNDER_CONSTRUCTION, truncateBlock=null, primaryNodeIndex=-1, replicas=[ReplicaUC[[DISK]DS-ef9a5443-f667-4e9d-8725-f14df066e7d7:NORMAL:127.0.0.1:50010|RBW]]} size 0
2015-12-13 14:55:22,820 INFO org.apache.hadoop.hdfs.StateChange: DIR* completeFile: /user/root/input/hdfs-site.xml._COPYING_ is closed by DFSClient_NONMAPREDUCE_-834046005_1
2015-12-13 14:55:22,829 INFO org.apache.hadoop.hdfs.StateChange: BLOCK* allocate blk_1073741836_1012{UCState=UNDER_CONSTRUCTION, truncateBlock=null, primaryNodeIndex=-1, replicas=[ReplicaUC[[DISK]DS-ef9a5443-f667-4e9d-8725-f14df066e7d7:NORMAL:127.0.0.1:50010|RBW]]} for /user/root/input/httpfs-env.sh._COPYING_
2015-12-13 14:55:22,845 INFO BlockStateChange: BLOCK* addStoredBlock: blockMap updated: 127.0.0.1:50010 is added to blk_1073741836_1012{UCState=UNDER_CONSTRUCTION, truncateBlock=null, primaryNodeIndex=-1, replicas=[ReplicaUC[[DISK]DS-ef9a5443-f667-4e9d-8725-f14df066e7d7:NORMAL:127.0.0.1:50010|RBW]]} size 0
2015-12-13 14:55:22,847 INFO org.apache.hadoop.hdfs.StateChange: DIR* completeFile: /user/root/input/httpfs-env.sh._COPYING_ is closed by DFSClient_NONMAPREDUCE_-834046005_1
2015-12-13 14:55:22,868 INFO org.apache.hadoop.hdfs.StateChange: BLOCK* allocate blk_1073741837_1013{UCState=UNDER_CONSTRUCTION, truncateBlock=null, primaryNodeIndex=-1, replicas=[ReplicaUC[[DISK]DS-ef9a5443-f667-4e9d-8725-f14df066e7d7:NORMAL:127.0.0.1:50010|RBW]]} for /user/root/input/httpfs-log4j.properties._COPYING_
2015-12-13 14:55:22,889 INFO BlockStateChange: BLOCK* addStoredBlock: blockMap updated: 127.0.0.1:50010 is added to blk_1073741837_1013{UCState=UNDER_CONSTRUCTION, truncateBlock=null, primaryNodeIndex=-1, replicas=[ReplicaUC[[DISK]DS-ef9a5443-f667-4e9d-8725-f14df066e7d7:NORMAL:127.0.0.1:50010|RBW]]} size 0
2015-12-13 14:55:22,891 INFO org.apache.hadoop.hdfs.StateChange: DIR* completeFile: /user/root/input/httpfs-log4j.properties._COPYING_ is closed by DFSClient_NONMAPREDUCE_-834046005_1
2015-12-13 14:55:22,915 INFO org.apache.hadoop.hdfs.StateChange: BLOCK* allocate blk_1073741838_1014{UCState=UNDER_CONSTRUCTION, truncateBlock=null, primaryNodeIndex=-1, replicas=[ReplicaUC[[DISK]DS-ef9a5443-f667-4e9d-8725-f14df066e7d7:NORMAL:127.0.0.1:50010|RBW]]} for /user/root/input/httpfs-signature.secret._COPYING_
2015-12-13 14:55:22,936 INFO BlockStateChange: BLOCK* addStoredBlock: blockMap updated: 127.0.0.1:50010 is added to blk_1073741838_1014{UCState=UNDER_CONSTRUCTION, truncateBlock=null, primaryNodeIndex=-1, replicas=[ReplicaUC[[DISK]DS-ef9a5443-f667-4e9d-8725-f14df066e7d7:NORMAL:127.0.0.1:50010|RBW]]} size 0
2015-12-13 14:55:22,947 INFO org.apache.hadoop.hdfs.StateChange: DIR* completeFile: /user/root/input/httpfs-signature.secret._COPYING_ is closed by DFSClient_NONMAPREDUCE_-834046005_1
2015-12-13 14:55:22,978 INFO org.apache.hadoop.hdfs.StateChange: BLOCK* allocate blk_1073741839_1015{UCState=UNDER_CONSTRUCTION, truncateBlock=null, primaryNodeIndex=-1, replicas=[ReplicaUC[[DISK]DS-ef9a5443-f667-4e9d-8725-f14df066e7d7:NORMAL:127.0.0.1:50010|RBW]]} for /user/root/input/httpfs-site.xml._COPYING_
2015-12-13 14:55:22,997 INFO org.apache.hadoop.hdfs.server.namenode.FSNamesystem: BLOCK* blk_1073741839_1015{UCState=COMMITTED, truncateBlock=null, primaryNodeIndex=-1, replicas=[ReplicaUC[[DISK]DS-ef9a5443-f667-4e9d-8725-f14df066e7d7:NORMAL:127.0.0.1:50010|RBW]]} is not COMPLETE (ucState = COMMITTED, replication# = 0 <  minimum = 1) in file /user/root/input/httpfs-site.xml._COPYING_
2015-12-13 14:55:23,010 INFO BlockStateChange: BLOCK* addStoredBlock: blockMap updated: 127.0.0.1:50010 is added to blk_1073741839_1015{UCState=COMMITTED, truncateBlock=null, primaryNodeIndex=-1, replicas=[ReplicaUC[[DISK]DS-ef9a5443-f667-4e9d-8725-f14df066e7d7:NORMAL:127.0.0.1:50010|RBW]]} size 620
2015-12-13 14:55:23,400 INFO org.apache.hadoop.hdfs.StateChange: DIR* completeFile: /user/root/input/httpfs-site.xml._COPYING_ is closed by DFSClient_NONMAPREDUCE_-834046005_1
2015-12-13 14:55:23,421 INFO org.apache.hadoop.hdfs.StateChange: BLOCK* allocate blk_1073741840_1016{UCState=UNDER_CONSTRUCTION, truncateBlock=null, primaryNodeIndex=-1, replicas=[ReplicaUC[[DISK]DS-ef9a5443-f667-4e9d-8725-f14df066e7d7:NORMAL:127.0.0.1:50010|RBW]]} for /user/root/input/kms-acls.xml._COPYING_
2015-12-13 14:55:23,452 INFO BlockStateChange: BLOCK* addStoredBlock: blockMap updated: 127.0.0.1:50010 is added to blk_1073741840_1016{UCState=UNDER_CONSTRUCTION, truncateBlock=null, primaryNodeIndex=-1, replicas=[ReplicaUC[[DISK]DS-ef9a5443-f667-4e9d-8725-f14df066e7d7:NORMAL:127.0.0.1:50010|RBW]]} size 0
2015-12-13 14:55:23,454 INFO org.apache.hadoop.hdfs.StateChange: DIR* completeFile: /user/root/input/kms-acls.xml._COPYING_ is closed by DFSClient_NONMAPREDUCE_-834046005_1
2015-12-13 14:55:23,474 INFO org.apache.hadoop.hdfs.StateChange: BLOCK* allocate blk_1073741841_1017{UCState=UNDER_CONSTRUCTION, truncateBlock=null, primaryNodeIndex=-1, replicas=[ReplicaUC[[DISK]DS-ef9a5443-f667-4e9d-8725-f14df066e7d7:NORMAL:127.0.0.1:50010|RBW]]} for /user/root/input/kms-env.sh._COPYING_
2015-12-13 14:55:23,489 INFO BlockStateChange: BLOCK* addStoredBlock: blockMap updated: 127.0.0.1:50010 is added to blk_1073741841_1017{UCState=UNDER_CONSTRUCTION, truncateBlock=null, primaryNodeIndex=-1, replicas=[ReplicaUC[[DISK]DS-ef9a5443-f667-4e9d-8725-f14df066e7d7:NORMAL:127.0.0.1:50010|RBW]]} size 0
2015-12-13 14:55:23,492 INFO org.apache.hadoop.hdfs.StateChange: DIR* completeFile: /user/root/input/kms-env.sh._COPYING_ is closed by DFSClient_NONMAPREDUCE_-834046005_1
2015-12-13 14:55:23,518 INFO org.apache.hadoop.hdfs.StateChange: BLOCK* allocate blk_1073741842_1018{UCState=UNDER_CONSTRUCTION, truncateBlock=null, primaryNodeIndex=-1, replicas=[ReplicaUC[[DISK]DS-ef9a5443-f667-4e9d-8725-f14df066e7d7:NORMAL:127.0.0.1:50010|RBW]]} for /user/root/input/kms-log4j.properties._COPYING_
2015-12-13 14:55:23,533 INFO BlockStateChange: BLOCK* addStoredBlock: blockMap updated: 127.0.0.1:50010 is added to blk_1073741842_1018{UCState=UNDER_CONSTRUCTION, truncateBlock=null, primaryNodeIndex=-1, replicas=[ReplicaUC[[DISK]DS-ef9a5443-f667-4e9d-8725-f14df066e7d7:NORMAL:127.0.0.1:50010|RBW]]} size 0
2015-12-13 14:55:23,536 INFO org.apache.hadoop.hdfs.StateChange: DIR* completeFile: /user/root/input/kms-log4j.properties._COPYING_ is closed by DFSClient_NONMAPREDUCE_-834046005_1
2015-12-13 14:55:23,557 INFO org.apache.hadoop.hdfs.StateChange: BLOCK* allocate blk_1073741843_1019{UCState=UNDER_CONSTRUCTION, truncateBlock=null, primaryNodeIndex=-1, replicas=[ReplicaUC[[DISK]DS-ef9a5443-f667-4e9d-8725-f14df066e7d7:NORMAL:127.0.0.1:50010|RBW]]} for /user/root/input/kms-site.xml._COPYING_
2015-12-13 14:55:23,565 INFO BlockStateChange: BLOCK* addStoredBlock: blockMap updated: 127.0.0.1:50010 is added to blk_1073741843_1019{UCState=UNDER_CONSTRUCTION, truncateBlock=null, primaryNodeIndex=-1, replicas=[ReplicaUC[[DISK]DS-ef9a5443-f667-4e9d-8725-f14df066e7d7:NORMAL:127.0.0.1:50010|RBW]]} size 0
2015-12-13 14:55:23,567 INFO org.apache.hadoop.hdfs.StateChange: DIR* completeFile: /user/root/input/kms-site.xml._COPYING_ is closed by DFSClient_NONMAPREDUCE_-834046005_1
2015-12-13 14:55:23,588 INFO org.apache.hadoop.hdfs.StateChange: BLOCK* allocate blk_1073741844_1020{UCState=UNDER_CONSTRUCTION, truncateBlock=null, primaryNodeIndex=-1, replicas=[ReplicaUC[[DISK]DS-ef9a5443-f667-4e9d-8725-f14df066e7d7:NORMAL:127.0.0.1:50010|RBW]]} for /user/root/input/log4j.properties._COPYING_
2015-12-13 14:55:23,609 INFO BlockStateChange: BLOCK* addStoredBlock: blockMap updated: 127.0.0.1:50010 is added to blk_1073741844_1020{UCState=UNDER_CONSTRUCTION, truncateBlock=null, primaryNodeIndex=-1, replicas=[ReplicaUC[[DISK]DS-ef9a5443-f667-4e9d-8725-f14df066e7d7:NORMAL:127.0.0.1:50010|RBW]]} size 0
2015-12-13 14:55:23,612 INFO org.apache.hadoop.hdfs.StateChange: DIR* completeFile: /user/root/input/log4j.properties._COPYING_ is closed by DFSClient_NONMAPREDUCE_-834046005_1
2015-12-13 14:55:23,631 INFO org.apache.hadoop.hdfs.StateChange: BLOCK* allocate blk_1073741845_1021{UCState=UNDER_CONSTRUCTION, truncateBlock=null, primaryNodeIndex=-1, replicas=[ReplicaUC[[DISK]DS-ef9a5443-f667-4e9d-8725-f14df066e7d7:NORMAL:127.0.0.1:50010|RBW]]} for /user/root/input/mapred-env.cmd._COPYING_
2015-12-13 14:55:23,644 INFO BlockStateChange: BLOCK* addStoredBlock: blockMap updated: 127.0.0.1:50010 is added to blk_1073741845_1021{UCState=UNDER_CONSTRUCTION, truncateBlock=null, primaryNodeIndex=-1, replicas=[ReplicaUC[[DISK]DS-ef9a5443-f667-4e9d-8725-f14df066e7d7:NORMAL:127.0.0.1:50010|RBW]]} size 0
2015-12-13 14:55:23,646 INFO org.apache.hadoop.hdfs.StateChange: DIR* completeFile: /user/root/input/mapred-env.cmd._COPYING_ is closed by DFSClient_NONMAPREDUCE_-834046005_1
2015-12-13 14:55:23,665 INFO org.apache.hadoop.hdfs.StateChange: BLOCK* allocate blk_1073741846_1022{UCState=UNDER_CONSTRUCTION, truncateBlock=null, primaryNodeIndex=-1, replicas=[ReplicaUC[[DISK]DS-ef9a5443-f667-4e9d-8725-f14df066e7d7:NORMAL:127.0.0.1:50010|RBW]]} for /user/root/input/mapred-env.sh._COPYING_
2015-12-13 14:55:23,678 INFO BlockStateChange: BLOCK* addStoredBlock: blockMap updated: 127.0.0.1:50010 is added to blk_1073741846_1022{UCState=UNDER_CONSTRUCTION, truncateBlock=null, primaryNodeIndex=-1, replicas=[ReplicaUC[[DISK]DS-ef9a5443-f667-4e9d-8725-f14df066e7d7:NORMAL:127.0.0.1:50010|RBW]]} size 0
2015-12-13 14:55:23,680 INFO org.apache.hadoop.hdfs.StateChange: DIR* completeFile: /user/root/input/mapred-env.sh._COPYING_ is closed by DFSClient_NONMAPREDUCE_-834046005_1
2015-12-13 14:55:23,700 INFO org.apache.hadoop.hdfs.StateChange: BLOCK* allocate blk_1073741847_1023{UCState=UNDER_CONSTRUCTION, truncateBlock=null, primaryNodeIndex=-1, replicas=[ReplicaUC[[DISK]DS-ef9a5443-f667-4e9d-8725-f14df066e7d7:NORMAL:127.0.0.1:50010|RBW]]} for /user/root/input/mapred-queues.xml.template._COPYING_
2015-12-13 14:55:23,713 INFO BlockStateChange: BLOCK* addStoredBlock: blockMap updated: 127.0.0.1:50010 is added to blk_1073741847_1023{UCState=UNDER_CONSTRUCTION, truncateBlock=null, primaryNodeIndex=-1, replicas=[ReplicaUC[[DISK]DS-ef9a5443-f667-4e9d-8725-f14df066e7d7:NORMAL:127.0.0.1:50010|RBW]]} size 0
2015-12-13 14:55:23,716 INFO org.apache.hadoop.hdfs.StateChange: DIR* completeFile: /user/root/input/mapred-queues.xml.template._COPYING_ is closed by DFSClient_NONMAPREDUCE_-834046005_1
2015-12-13 14:55:23,733 INFO org.apache.hadoop.hdfs.StateChange: BLOCK* allocate blk_1073741848_1024{UCState=UNDER_CONSTRUCTION, truncateBlock=null, primaryNodeIndex=-1, replicas=[ReplicaUC[[DISK]DS-ef9a5443-f667-4e9d-8725-f14df066e7d7:NORMAL:127.0.0.1:50010|RBW]]} for /user/root/input/mapred-site.xml._COPYING_
2015-12-13 14:55:23,746 INFO BlockStateChange: BLOCK* addStoredBlock: blockMap updated: 127.0.0.1:50010 is added to blk_1073741848_1024{UCState=UNDER_CONSTRUCTION, truncateBlock=null, primaryNodeIndex=-1, replicas=[ReplicaUC[[DISK]DS-ef9a5443-f667-4e9d-8725-f14df066e7d7:NORMAL:127.0.0.1:50010|RBW]]} size 0
2015-12-13 14:55:23,748 INFO org.apache.hadoop.hdfs.StateChange: DIR* completeFile: /user/root/input/mapred-site.xml._COPYING_ is closed by DFSClient_NONMAPREDUCE_-834046005_1
2015-12-13 14:55:23,765 INFO org.apache.hadoop.hdfs.StateChange: BLOCK* allocate blk_1073741849_1025{UCState=UNDER_CONSTRUCTION, truncateBlock=null, primaryNodeIndex=-1, replicas=[ReplicaUC[[DISK]DS-ef9a5443-f667-4e9d-8725-f14df066e7d7:NORMAL:127.0.0.1:50010|RBW]]} for /user/root/input/mapred-site.xml.template._COPYING_
2015-12-13 14:55:23,770 INFO BlockStateChange: BLOCK* addStoredBlock: blockMap updated: 127.0.0.1:50010 is added to blk_1073741849_1025{UCState=UNDER_CONSTRUCTION, truncateBlock=null, primaryNodeIndex=-1, replicas=[ReplicaUC[[DISK]DS-ef9a5443-f667-4e9d-8725-f14df066e7d7:NORMAL:127.0.0.1:50010|RBW]]} size 0
2015-12-13 14:55:23,781 INFO org.apache.hadoop.hdfs.StateChange: DIR* completeFile: /user/root/input/mapred-site.xml.template._COPYING_ is closed by DFSClient_NONMAPREDUCE_-834046005_1
2015-12-13 14:55:23,790 INFO org.apache.hadoop.hdfs.StateChange: BLOCK* allocate blk_1073741850_1026{UCState=UNDER_CONSTRUCTION, truncateBlock=null, primaryNodeIndex=-1, replicas=[ReplicaUC[[DISK]DS-ef9a5443-f667-4e9d-8725-f14df066e7d7:NORMAL:127.0.0.1:50010|RBW]]} for /user/root/input/slaves._COPYING_
2015-12-13 14:55:23,804 INFO BlockStateChange: BLOCK* addStoredBlock: blockMap updated: 127.0.0.1:50010 is added to blk_1073741850_1026{UCState=UNDER_CONSTRUCTION, truncateBlock=null, primaryNodeIndex=-1, replicas=[ReplicaUC[[DISK]DS-ef9a5443-f667-4e9d-8725-f14df066e7d7:NORMAL:127.0.0.1:50010|RBW]]} size 0
2015-12-13 14:55:23,807 INFO org.apache.hadoop.hdfs.StateChange: DIR* completeFile: /user/root/input/slaves._COPYING_ is closed by DFSClient_NONMAPREDUCE_-834046005_1
2015-12-13 14:55:23,824 INFO org.apache.hadoop.hdfs.StateChange: BLOCK* allocate blk_1073741851_1027{UCState=UNDER_CONSTRUCTION, truncateBlock=null, primaryNodeIndex=-1, replicas=[ReplicaUC[[DISK]DS-ef9a5443-f667-4e9d-8725-f14df066e7d7:NORMAL:127.0.0.1:50010|RBW]]} for /user/root/input/ssl-client.xml.example._COPYING_
2015-12-13 14:55:23,831 INFO BlockStateChange: BLOCK* addStoredBlock: blockMap updated: 127.0.0.1:50010 is added to blk_1073741851_1027{UCState=UNDER_CONSTRUCTION, truncateBlock=null, primaryNodeIndex=-1, replicas=[ReplicaUC[[DISK]DS-ef9a5443-f667-4e9d-8725-f14df066e7d7:NORMAL:127.0.0.1:50010|RBW]]} size 0
2015-12-13 14:55:23,842 INFO org.apache.hadoop.hdfs.StateChange: DIR* completeFile: /user/root/input/ssl-client.xml.example._COPYING_ is closed by DFSClient_NONMAPREDUCE_-834046005_1
2015-12-13 14:55:23,868 INFO org.apache.hadoop.hdfs.StateChange: BLOCK* allocate blk_1073741852_1028{UCState=UNDER_CONSTRUCTION, truncateBlock=null, primaryNodeIndex=-1, replicas=[ReplicaUC[[DISK]DS-ef9a5443-f667-4e9d-8725-f14df066e7d7:NORMAL:127.0.0.1:50010|RBW]]} for /user/root/input/ssl-server.xml.example._COPYING_
2015-12-13 14:55:23,873 INFO BlockStateChange: BLOCK* addStoredBlock: blockMap updated: 127.0.0.1:50010 is added to blk_1073741852_1028{UCState=UNDER_CONSTRUCTION, truncateBlock=null, primaryNodeIndex=-1, replicas=[ReplicaUC[[DISK]DS-ef9a5443-f667-4e9d-8725-f14df066e7d7:NORMAL:127.0.0.1:50010|RBW]]} size 0
2015-12-13 14:55:23,876 INFO org.apache.hadoop.hdfs.StateChange: DIR* completeFile: /user/root/input/ssl-server.xml.example._COPYING_ is closed by DFSClient_NONMAPREDUCE_-834046005_1
2015-12-13 14:55:23,902 INFO org.apache.hadoop.hdfs.StateChange: BLOCK* allocate blk_1073741853_1029{UCState=UNDER_CONSTRUCTION, truncateBlock=null, primaryNodeIndex=-1, replicas=[ReplicaUC[[DISK]DS-ef9a5443-f667-4e9d-8725-f14df066e7d7:NORMAL:127.0.0.1:50010|RBW]]} for /user/root/input/yarn-env.cmd._COPYING_
2015-12-13 14:55:23,908 INFO BlockStateChange: BLOCK* addStoredBlock: blockMap updated: 127.0.0.1:50010 is added to blk_1073741853_1029{UCState=UNDER_CONSTRUCTION, truncateBlock=null, primaryNodeIndex=-1, replicas=[ReplicaUC[[DISK]DS-ef9a5443-f667-4e9d-8725-f14df066e7d7:NORMAL:127.0.0.1:50010|RBW]]} size 0
2015-12-13 14:55:23,910 INFO org.apache.hadoop.hdfs.StateChange: DIR* completeFile: /user/root/input/yarn-env.cmd._COPYING_ is closed by DFSClient_NONMAPREDUCE_-834046005_1
2015-12-13 14:55:23,937 INFO org.apache.hadoop.hdfs.StateChange: BLOCK* allocate blk_1073741854_1030{UCState=UNDER_CONSTRUCTION, truncateBlock=null, primaryNodeIndex=-1, replicas=[ReplicaUC[[DISK]DS-ef9a5443-f667-4e9d-8725-f14df066e7d7:NORMAL:127.0.0.1:50010|RBW]]} for /user/root/input/yarn-env.sh._COPYING_
2015-12-13 14:55:23,943 INFO BlockStateChange: BLOCK* addStoredBlock: blockMap updated: 127.0.0.1:50010 is added to blk_1073741854_1030{UCState=UNDER_CONSTRUCTION, truncateBlock=null, primaryNodeIndex=-1, replicas=[ReplicaUC[[DISK]DS-ef9a5443-f667-4e9d-8725-f14df066e7d7:NORMAL:127.0.0.1:50010|RBW]]} size 0
2015-12-13 14:55:23,953 INFO org.apache.hadoop.hdfs.StateChange: DIR* completeFile: /user/root/input/yarn-env.sh._COPYING_ is closed by DFSClient_NONMAPREDUCE_-834046005_1
2015-12-13 14:55:23,964 INFO org.apache.hadoop.hdfs.StateChange: BLOCK* allocate blk_1073741855_1031{UCState=UNDER_CONSTRUCTION, truncateBlock=null, primaryNodeIndex=-1, replicas=[ReplicaUC[[DISK]DS-ef9a5443-f667-4e9d-8725-f14df066e7d7:NORMAL:127.0.0.1:50010|RBW]]} for /user/root/input/yarn-site.xml._COPYING_
2015-12-13 14:55:23,977 INFO BlockStateChange: BLOCK* addStoredBlock: blockMap updated: 127.0.0.1:50010 is added to blk_1073741855_1031{UCState=UNDER_CONSTRUCTION, truncateBlock=null, primaryNodeIndex=-1, replicas=[ReplicaUC[[DISK]DS-ef9a5443-f667-4e9d-8725-f14df066e7d7:NORMAL:127.0.0.1:50010|RBW]]} size 0
2015-12-13 14:55:23,981 INFO org.apache.hadoop.hdfs.StateChange: DIR* completeFile: /user/root/input/yarn-site.xml._COPYING_ is closed by DFSClient_NONMAPREDUCE_-834046005_1
